2024-08-02 07:38:20,647 [INFO] Activator:176 - 


2024-08-02 07:38:20,648 [INFO] Activator:177 - !SESSION log4j initialized
2024-08-02 07:38:22,651 [INFO] LogOutputStream:77 - [STDOUT_REDIRECT] 
2024-08-02 07:38:24,789 [INFO] ApplicationProperties:184 - Using Application install path: /home/vboxuser/st/stm32cubeide_1.15.0/plugins/com.st.stm32cube.common.mx_6.11.0.202403141607
2024-08-02 07:38:24,810 [INFO] DbMcusXml:78 - Set database path to: /home/vboxuser/st/stm32cubeide_1.15.0/plugins/com.st.stm32cube.common.mx_6.11.0.202403141607//db//mcu/
2024-08-02 07:38:24,811 [INFO] ApiDb:274 - Set plugin database path to: /home/vboxuser/st/stm32cubeide_1.15.0/plugins/com.st.stm32cube.common.mx_6.11.0.202403141607//db//plugins/boardmanager/
2024-08-02 07:38:24,811 [WARN] ApiDb:259 - Overriding images path with different value:  => /home/vboxuser/st/stm32cubeide_1.15.0/plugins/com.st.stm32cube.common.mx_6.11.0.202403141607//db//plugins/mcufinder/images/
2024-08-02 07:38:24,824 [INFO] ApiDb:250 - Set database path to: /home/vboxuser/.stmcufinder/plugins/mcufinder//mcu/
2024-08-02 07:38:24,825 [INFO] DbMcusAds:125 - Set database path to: /home/vboxuser/.stmcufinder/plugins/mcufinder//mcu/
2024-08-02 07:38:24,828 [INFO] CrossReferenceDbSqlite:203 - Set database path to: /home/vboxuser/.stmcufinder/plugins/mcufinder//mcu/cs/
2024-08-02 07:38:24,985 [INFO] RulesReader:64 - Compatibility file has been processed (297 Rules)
2024-08-02 07:38:25,060 [INFO] DbMcusXml:78 - Set database path to: /home/vboxuser/st/stm32cubeide_1.15.0/plugins/com.st.stm32cube.common.mx_6.11.0.202403141607//db//mcu/
2024-08-02 07:38:25,060 [INFO] ApiDb:274 - Set plugin database path to: /home/vboxuser/st/stm32cubeide_1.15.0/plugins/com.st.stm32cube.common.mx_6.11.0.202403141607//db//plugins/boardmanager/
2024-08-02 07:38:25,061 [INFO] ApiDb:261 - Set plugin images path to: /home/vboxuser/st/stm32cubeide_1.15.0/plugins/com.st.stm32cube.common.mx_6.11.0.202403141607//db//plugins/mcufinder/images/
2024-08-02 07:38:25,061 [WARN] DbFile:41 - Overriding database path with different value: /home/vboxuser/.stmcufinder/plugins/mcufinder/ => /home/vboxuser/.stmcufinder/plugins/mcufinder
2024-08-02 07:38:25,061 [INFO] ApiDb:250 - Set database path to: /home/vboxuser/.stmcufinder/plugins/mcufinder//mcu/
2024-08-02 07:38:25,061 [WARN] DbFile:41 - Overriding database path with different value: /home/vboxuser/.stmcufinder/plugins/mcufinder/ => /home/vboxuser/.stmcufinder/plugins/mcufinder
2024-08-02 07:38:25,061 [INFO] DbMcusAds:125 - Set database path to: /home/vboxuser/.stmcufinder/plugins/mcufinder//mcu/
2024-08-02 07:38:25,061 [WARN] DbFile:41 - Overriding database path with different value: /home/vboxuser/.stmcufinder/plugins/mcufinder/ => /home/vboxuser/.stmcufinder/plugins/mcufinder
2024-08-02 07:38:25,061 [WARN] DbFile:41 - Overriding database path with different value: /home/vboxuser/.stmcufinder/plugins/mcufinder/ => /home/vboxuser/.stmcufinder/plugins/mcufinder
2024-08-02 07:38:25,062 [INFO] CrossReferenceDbSqlite:203 - Set database path to: /home/vboxuser/.stmcufinder/plugins/mcufinder//mcu/cs/
2024-08-02 07:38:25,153 [INFO] MainPanel:264 - HeapMemory: 268435456
2024-08-02 07:38:25,304 [INFO] DbMcusXml:78 - Set database path to: /home/vboxuser/st/stm32cubeide_1.15.0/plugins/com.st.stm32cube.common.mx_6.11.0.202403141607//db//mcu/
2024-08-02 07:38:25,305 [INFO] ApiDb:274 - Set plugin database path to: /home/vboxuser/st/stm32cubeide_1.15.0/plugins/com.st.stm32cube.common.mx_6.11.0.202403141607//db//plugins/boardmanager/
2024-08-02 07:38:25,305 [INFO] ApiDb:261 - Set plugin images path to: /home/vboxuser/st/stm32cubeide_1.15.0/plugins/com.st.stm32cube.common.mx_6.11.0.202403141607//db//plugins/mcufinder/images/
2024-08-02 07:38:25,305 [WARN] DbFile:41 - Overriding database path with different value: /home/vboxuser/.stmcufinder/plugins/mcufinder/ => /home/vboxuser/.stmcufinder/plugins/mcufinder
2024-08-02 07:38:25,305 [INFO] ApiDb:250 - Set database path to: /home/vboxuser/.stmcufinder/plugins/mcufinder//mcu/
2024-08-02 07:38:25,306 [WARN] DbFile:41 - Overriding database path with different value: /home/vboxuser/.stmcufinder/plugins/mcufinder/ => /home/vboxuser/.stmcufinder/plugins/mcufinder
2024-08-02 07:38:25,306 [INFO] DbMcusAds:125 - Set database path to: /home/vboxuser/.stmcufinder/plugins/mcufinder//mcu/
2024-08-02 07:38:25,306 [WARN] DbFile:41 - Overriding database path with different value: /home/vboxuser/.stmcufinder/plugins/mcufinder/ => /home/vboxuser/.stmcufinder/plugins/mcufinder
2024-08-02 07:38:25,306 [WARN] DbFile:41 - Overriding database path with different value: /home/vboxuser/.stmcufinder/plugins/mcufinder/ => /home/vboxuser/.stmcufinder/plugins/mcufinder
2024-08-02 07:38:25,306 [INFO] CrossReferenceDbSqlite:203 - Set database path to: /home/vboxuser/.stmcufinder/plugins/mcufinder//mcu/cs/
2024-08-02 07:38:25,329 [INFO] ApplicationProperties:184 - Using Application install path: /home/vboxuser/st/stm32cubeide_1.15.0/plugins/com.st.stm32cube.common.mx_6.11.0.202403141607
2024-08-02 07:38:25,334 [INFO] PluginManage:196 - Search for loadable plugins [exclusion list=, ]
2024-08-02 07:38:25,336 [INFO] PluginManage:310 - Check plugin analytics
2024-08-02 07:38:25,496 [INFO] AnalyticsPlugin:253 - Accepted Software Licenses: 
2024-08-02 07:38:25,497 [INFO] AnalyticsPlugin:255 - Accepted CMSIS Pack Licenses: 
2024-08-02 07:38:25,497 [INFO] AnalyticsPlugin:257 - Accepted Firmware Licenses: 
2024-08-02 07:38:25,499 [INFO] PluginManage:359 - Loaded plugin analytics (category:tool,tabindex:-1)
2024-08-02 07:38:25,500 [INFO] PluginManage:310 - Check plugin cadmodel
2024-08-02 07:38:25,561 [INFO] CADModel:105 - Init CAD model plugin
2024-08-02 07:38:25,562 [INFO] PluginManage:359 - Loaded plugin cadmodel (category:power,tabindex:5)
2024-08-02 07:38:25,562 [INFO] PluginManage:310 - Check plugin clock
2024-08-02 07:38:25,576 [INFO] PluginManage:359 - Loaded plugin clock (category:base,tabindex:2)
2024-08-02 07:38:25,576 [INFO] PluginManage:310 - Check plugin ddr
2024-08-02 07:38:25,579 [INFO] PluginManage:359 - Loaded plugin ddr (category:tool,tabindex:6)
2024-08-02 07:38:25,579 [INFO] PluginManage:310 - Check plugin filemanager
2024-08-02 07:38:25,748 [INFO] PluginManage:359 - Loaded plugin filemanager (category:base,tabindex:10)
2024-08-02 07:38:25,748 [INFO] PluginManage:310 - Check plugin ipmanager
2024-08-02 07:38:25,755 [INFO] PluginManage:359 - Loaded plugin ipmanager (category:base,tabindex:5)
2024-08-02 07:38:25,755 [INFO] PluginManage:310 - Check plugin lpbam
2024-08-02 07:38:25,767 [INFO] PluginManage:359 - Loaded plugin lpbam (category:base,tabindex:0)
2024-08-02 07:38:25,767 [INFO] PluginManage:310 - Check plugin memorymap
2024-08-02 07:38:25,787 [INFO] PluginManage:359 - Loaded plugin memorymap (category:base,tabindex:4)
2024-08-02 07:38:25,787 [INFO] PluginManage:310 - Check plugin pinoutandconfiguration
2024-08-02 07:38:25,802 [INFO] PluginManage:359 - Loaded plugin pinoutandconfiguration (category:base,tabindex:1)
2024-08-02 07:38:25,802 [INFO] PluginManage:310 - Check plugin pinoutconfig
2024-08-02 07:38:25,953 [WARN] SupportedApi:132 - Cannot load RTOS API schema: s4s-elt-must-match.1: The content of 'definitions' must match (annotation?, (simpleType | complexType)?, (unique | key | keyref)*)). A problem was found starting at: attribute.
2024-08-02 07:38:26,351 [INFO] PluginManage:359 - Loaded plugin pinoutconfig (category:base,tabindex:0)
2024-08-02 07:38:26,351 [INFO] PluginManage:310 - Check plugin power
2024-08-02 07:38:26,375 [INFO] PluginManage:359 - Loaded plugin power (category:power,tabindex:4)
2024-08-02 07:38:26,375 [INFO] PluginManage:310 - Check plugin projectmanager
2024-08-02 07:38:26,398 [INFO] PluginManage:359 - Loaded plugin projectmanager (category:projectmanager,tabindex:3)
2024-08-02 07:38:26,399 [INFO] PluginManage:310 - Check plugin thirdparty
2024-08-02 07:38:26,545 [INFO] PluginManage:359 - Loaded plugin thirdparty (category:base,tabindex:-1)
2024-08-02 07:38:26,545 [INFO] PluginManage:310 - Check plugin tools
2024-08-02 07:38:26,548 [INFO] PluginManage:359 - Loaded plugin tools (category:base,tabindex:7)
2024-08-02 07:38:26,548 [INFO] PluginManage:310 - Check plugin tutovideos
2024-08-02 07:38:26,546 [WARN] IntegrityCheckThread:84 - waiting for thirdparty lock release [integrity check]
2024-08-02 07:38:26,555 [INFO] IntegrityCheckThread:86 - entering critical section [integrity check]
2024-08-02 07:38:26,555 [INFO] ThirdPartyUpdaterWithRetryManager:70 - Updater plugin not ready yet. [1/15]
2024-08-02 07:38:26,776 [INFO] PluginManage:359 - Loaded plugin tutovideos (category:base,tabindex:-1)
2024-08-02 07:38:26,777 [INFO] PluginManage:310 - Check plugin updater
2024-08-02 07:38:26,798 [INFO] PluginManage:359 - Loaded plugin updater (category:base,tabindex:12)
2024-08-02 07:38:26,798 [INFO] PluginManage:310 - Check plugin userauth
2024-08-02 07:38:26,806 [INFO] UserAuth:114 - Init User Auth plugin
2024-08-02 07:38:26,806 [INFO] PluginManage:359 - Loaded plugin userauth (category:base,tabindex:14)
2024-08-02 07:38:26,807 [INFO] PluginManage:283 - PluginManage : Loaded plugins [17]
2024-08-02 07:38:26,998 [INFO] PinOutPanel:1561 - setPackage(No Configuration,No Configuration)
2024-08-02 07:38:27,060 [INFO] CADModel:165 - CPN selected for project level
2024-08-02 07:38:27,060 [INFO] CADModel:114 - Register for checkConnection events
2024-08-02 07:38:27,076 [INFO] IPUIPlugin:80 - create IPUIPlugin
2024-08-02 07:38:27,076 [INFO] PluginManager:220 - loadIPPluginJar : add opamp
2024-08-02 07:38:27,081 [INFO] IPUIPlugin:80 - create IPUIPlugin
2024-08-02 07:38:27,081 [INFO] PluginManager:220 - loadIPPluginJar : add adc
2024-08-02 07:38:27,084 [INFO] IPUIPlugin:80 - create IPUIPlugin
2024-08-02 07:38:27,085 [INFO] PluginManager:220 - loadIPPluginJar : add dma3
2024-08-02 07:38:27,088 [INFO] IPUIPlugin:80 - create IPUIPlugin
2024-08-02 07:38:27,088 [INFO] PluginManager:220 - loadIPPluginJar : add usart
2024-08-02 07:38:27,091 [INFO] IPUIPlugin:80 - create IPUIPlugin
2024-08-02 07:38:27,091 [INFO] PluginManager:220 - loadIPPluginJar : add spi
2024-08-02 07:38:27,094 [INFO] IPUIPlugin:80 - create IPUIPlugin
2024-08-02 07:38:27,094 [INFO] PluginManager:220 - loadIPPluginJar : add tracer_emb
2024-08-02 07:38:27,098 [INFO] IPUIPlugin:80 - create IPUIPlugin
2024-08-02 07:38:27,098 [INFO] PluginManager:220 - loadIPPluginJar : add touchsensing
2024-08-02 07:38:27,105 [INFO] IPUIPlugin:80 - create IPUIPlugin
2024-08-02 07:38:27,105 [INFO] PluginManager:220 - loadIPPluginJar : add resmgrutility
2024-08-02 07:38:27,109 [INFO] IPUIPlugin:80 - create IPUIPlugin
2024-08-02 07:38:27,110 [INFO] PluginManager:220 - loadIPPluginJar : add sai
2024-08-02 07:38:27,113 [INFO] IPUIPlugin:80 - create IPUIPlugin
2024-08-02 07:38:27,113 [INFO] PluginManager:220 - loadIPPluginJar : add aes
2024-08-02 07:38:27,116 [INFO] IPUIPlugin:80 - create IPUIPlugin
2024-08-02 07:38:27,117 [INFO] PluginManager:220 - loadIPPluginJar : add cryp
2024-08-02 07:38:27,121 [INFO] IPUIPlugin:80 - create IPUIPlugin
2024-08-02 07:38:27,121 [INFO] PluginManager:220 - loadIPPluginJar : add usbx
2024-08-02 07:38:27,123 [INFO] IPUIPlugin:80 - create IPUIPlugin
2024-08-02 07:38:27,123 [INFO] PluginManager:220 - loadIPPluginJar : add comp
2024-08-02 07:38:27,131 [INFO] IPUIPlugin:80 - create IPUIPlugin
2024-08-02 07:38:27,131 [INFO] PluginManager:220 - loadIPPluginJar : add dma
2024-08-02 07:38:27,134 [INFO] IPUIPlugin:80 - create IPUIPlugin
2024-08-02 07:38:27,134 [INFO] PluginManager:220 - loadIPPluginJar : add ts
2024-08-02 07:38:27,136 [INFO] IPUIPlugin:80 - create IPUIPlugin
2024-08-02 07:38:27,136 [INFO] PluginManager:220 - loadIPPluginJar : add quadspi
2024-08-02 07:38:27,140 [INFO] IPUIPlugin:80 - create IPUIPlugin
2024-08-02 07:38:27,140 [INFO] PluginManager:220 - loadIPPluginJar : add lorawan
2024-08-02 07:38:27,146 [INFO] IPUIPlugin:80 - create IPUIPlugin
2024-08-02 07:38:27,146 [INFO] PluginManager:220 - loadIPPluginJar : add extmemmanager
2024-08-02 07:38:27,149 [INFO] IPUIPlugin:80 - create IPUIPlugin
2024-08-02 07:38:27,150 [INFO] PluginManager:220 - loadIPPluginJar : add openamp
2024-08-02 07:38:27,153 [INFO] IPUIPlugin:80 - create IPUIPlugin
2024-08-02 07:38:27,153 [INFO] PluginManager:220 - loadIPPluginJar : add fmc
2024-08-02 07:38:27,160 [INFO] IPUIPlugin:80 - create IPUIPlugin
2024-08-02 07:38:27,160 [INFO] PluginManager:220 - loadIPPluginJar : add gpio
2024-08-02 07:38:27,162 [INFO] IPUIPlugin:80 - create IPUIPlugin
2024-08-02 07:38:27,162 [INFO] PluginManager:220 - loadIPPluginJar : add i2s
2024-08-02 07:38:27,164 [INFO] IPUIPlugin:80 - create IPUIPlugin
2024-08-02 07:38:27,164 [INFO] PluginManager:220 - loadIPPluginJar : add tim
2024-08-02 07:38:27,170 [INFO] IPUIPlugin:80 - create IPUIPlugin
2024-08-02 07:38:27,171 [INFO] PluginManager:220 - loadIPPluginJar : add freertos
2024-08-02 07:38:27,173 [INFO] IPUIPlugin:80 - create IPUIPlugin
2024-08-02 07:38:27,174 [INFO] PluginManager:220 - loadIPPluginJar : add gfxmmu
2024-08-02 07:38:27,176 [INFO] IPUIPlugin:80 - create IPUIPlugin
2024-08-02 07:38:27,176 [INFO] PluginManager:220 - loadIPPluginJar : add can
2024-08-02 07:38:27,177 [INFO] IPUIPlugin:80 - create IPUIPlugin
2024-08-02 07:38:27,177 [INFO] PluginManager:220 - loadIPPluginJar : add genericplugin
2024-08-02 07:38:27,183 [INFO] IPUIPlugin:80 - create IPUIPlugin
2024-08-02 07:38:27,184 [INFO] PluginManager:220 - loadIPPluginJar : add mdma
2024-08-02 07:38:27,186 [INFO] IPUIPlugin:80 - create IPUIPlugin
2024-08-02 07:38:27,186 [INFO] PluginManager:220 - loadIPPluginJar : add i3c
2024-08-02 07:38:27,192 [INFO] IPUIPlugin:80 - create IPUIPlugin
2024-08-02 07:38:27,194 [INFO] PluginManager:220 - loadIPPluginJar : add plateformsettings
2024-08-02 07:38:27,198 [INFO] IPUIPlugin:80 - create IPUIPlugin
2024-08-02 07:38:27,198 [INFO] PluginManager:220 - loadIPPluginJar : add gtzc
2024-08-02 07:38:27,199 [INFO] IPUIPlugin:80 - create IPUIPlugin
2024-08-02 07:38:27,200 [INFO] PluginManager:220 - loadIPPluginJar : add dfsdm
2024-08-02 07:38:27,204 [INFO] IPUIPlugin:80 - create IPUIPlugin
2024-08-02 07:38:27,204 [INFO] PluginManager:220 - loadIPPluginJar : add stm32_wpan
2024-08-02 07:38:27,208 [INFO] IPUIPlugin:80 - create IPUIPlugin
2024-08-02 07:38:27,208 [INFO] PluginManager:220 - loadIPPluginJar : add gic
2024-08-02 07:38:27,213 [INFO] IPUIPlugin:80 - create IPUIPlugin
2024-08-02 07:38:27,213 [INFO] PluginManager:220 - loadIPPluginJar : add linkedlist
2024-08-02 07:38:27,215 [INFO] IPUIPlugin:80 - create IPUIPlugin
2024-08-02 07:38:27,215 [INFO] PluginManager:220 - loadIPPluginJar : add ltdc
2024-08-02 07:38:27,216 [INFO] IPUIPlugin:80 - create IPUIPlugin
2024-08-02 07:38:27,216 [INFO] PluginManager:220 - loadIPPluginJar : add fatfs
2024-08-02 07:38:27,223 [INFO] IPUIPlugin:80 - create IPUIPlugin
2024-08-02 07:38:27,223 [INFO] PluginManager:220 - loadIPPluginJar : add nvic
2024-08-02 07:38:27,226 [INFO] IPUIPlugin:80 - create IPUIPlugin
2024-08-02 07:38:27,226 [INFO] PluginManager:220 - loadIPPluginJar : add pdm2pcm
2024-08-02 07:38:27,229 [INFO] IPUIPlugin:80 - create IPUIPlugin
2024-08-02 07:38:27,230 [INFO] PluginManager:220 - loadIPPluginJar : add ucpd
2024-08-02 07:38:27,234 [INFO] IPUIPlugin:80 - create IPUIPlugin
2024-08-02 07:38:27,234 [INFO] PluginManager:220 - loadIPPluginJar : add i2c
2024-08-02 07:38:27,243 [INFO] IPUIPlugin:80 - create IPUIPlugin
2024-08-02 07:38:27,244 [INFO] PluginManager:220 - loadIPPluginJar : add ipddr
2024-08-02 07:38:27,248 [INFO] IPUIPlugin:80 - create IPUIPlugin
2024-08-02 07:38:27,248 [INFO] PluginManager:220 - loadIPPluginJar : add hash
2024-08-02 07:38:27,251 [INFO] IPUIPlugin:80 - create IPUIPlugin
2024-08-02 07:38:27,256 [INFO] PluginManager:220 - loadIPPluginJar : add tsc
2024-08-02 07:38:27,371 [INFO] CADModel:165 - CPN selected for project level
2024-08-02 07:38:27,371 [INFO] CADModel:114 - Register for checkConnection events
2024-08-02 07:38:27,371 [FATAL] Updater:308 - Updater called before beeing initialized
2024-08-02 07:38:27,371 [ERROR] CADModel:125 - Updater not yet initialized, retry later 
2024-08-02 07:38:27,516 [INFO] CADModel:165 - CPN selected for project level
2024-08-02 07:38:27,516 [INFO] CADModel:114 - Register for checkConnection events
2024-08-02 07:38:27,516 [FATAL] Updater:308 - Updater called before beeing initialized
2024-08-02 07:38:27,516 [ERROR] CADModel:125 - Updater not yet initialized, retry later 
2024-08-02 07:38:27,518 [FATAL] Updater:308 - Updater called before beeing initialized
2024-08-02 07:38:27,595 [FATAL] Updater:308 - Updater called before beeing initialized
2024-08-02 07:38:27,598 [INFO] DbMcusAds:53 - JSON generation date=Thu Sep 30 06:55:09 UTC 2021 (1632984909247)
2024-08-02 07:38:27,599 [FATAL] Updater:308 - Updater called before beeing initialized
2024-08-02 07:38:27,637 [WARN] DetailPanel:346 - Failed to get advertising image, set to default
2024-08-02 07:38:27,706 [FATAL] Updater:308 - Updater called before beeing initialized
2024-08-02 07:38:27,708 [FATAL] Updater:308 - Updater called before beeing initialized
2024-08-02 07:38:27,708 [FATAL] Updater:308 - Updater called before beeing initialized
2024-08-02 07:38:27,708 [WARN] DetailPanel:346 - Failed to get advertising image, set to default
2024-08-02 07:38:27,709 [FATAL] Updater:308 - Updater called before beeing initialized
2024-08-02 07:38:27,738 [ERROR] Updater:1120 - MainUpdater not yet initialized. External WinMGr cannot be set.
2024-08-02 07:38:27,740 [INFO] Updater:1056 - Updater Version found : 6.11.0
2024-08-02 07:38:27,768 [INFO] ApplicationProperties:184 - Using Application install path: /home/vboxuser/st/stm32cubeide_1.15.0/plugins/com.st.stm32cube.common.mx_6.11.0.202403141607
2024-08-02 07:38:28,096 [INFO] MainUpdater:2873 - connection check result : 10
2024-08-02 07:38:28,096 [INFO] MainUpdater:3567 - Updater definition file requires update
2024-08-02 07:38:28,097 [INFO] MainUpdater:290 - Updater Check For Update Now.
2024-08-02 07:38:28,097 [INFO] MicroXplorer:498 - Change Database Version : DB.6.0.110
2024-08-02 07:38:28,104 [INFO] McuFinderGlobals:63 - Set McuFinder mode to 2 (CubeIDE integrated)
2024-08-02 07:38:28,105 [INFO] UserAuth:179 - activating auth plugin
2024-08-02 07:38:28,108 [INFO] UserAuth:415 - Internet connection configuration mode: 1
2024-08-02 07:38:28,135 [INFO] JxBrowserEngine:152 - Initiate JxBrowser Engine with user profile folder
2024-08-02 07:38:28,149 [INFO] ServerAccessManage:473 - Download File updaters.zip
2024-08-02 07:38:28,260 [INFO] FileExtend:240 - Unzip File : updaters.zip
2024-08-02 07:38:28,260 [INFO] FileExtend:255 - Standard Zip Deflate
2024-08-02 07:38:28,456 [INFO] ServerAccessManage:473 - Download File PacksControlFlags.xml
2024-08-02 07:38:28,517 [INFO] ServerAccessManage:473 - Download File cubemx.pidx
2024-08-02 07:38:29,447 [INFO] ServerAccessManage:473 - Download File STMicroelectronics.X-CUBE-TOF1.pdsc
2024-08-02 07:38:29,556 [WARN] MainUpdater:1194 - Updater busy. Cannot search thirdparties
2024-08-02 07:38:29,556 [INFO] ThirdPartyUpdaterWithRetryManager:96 - Updater plugin is busy. [1/15]
2024-08-02 07:38:29,837 [ERROR] ServerAccessManage:1089 - Problem, file not found on Server
2024-08-02 07:38:30,749 [INFO] WebApp:161 - Instantiating new browser for Auth
2024-08-02 07:38:31,026 [WARN] PackLoader:240 - Cannot read IP mode file for STMicroelectronics.X-CUBE-TOF1.3.4.2
2024-08-02 07:38:31,082 [INFO] PopulateThirdPartyThread:66 - Ending populate Thread
2024-08-02 07:38:31,085 [INFO] ThirdParty:1030 - CMSIS Pack Vendor :STMicroelectronics X-CUBE-TOF1 3.4.2
2024-08-02 07:38:31,085 [INFO] LoadServerUpdatesThread:375 - End of LoadServerUpdate Thread
2024-08-02 07:38:31,186 [INFO] CheckServerUpdateThread:120 - End of CheckServer Thread
2024-08-02 07:38:32,017 [INFO] WebApp:779 - Register for checkConnection events
2024-08-02 07:38:32,017 [INFO] WebApp:414 - Apply proxy settings
2024-08-02 07:38:32,017 [INFO] WebApp:499 - Chromium requires no authentication
2024-08-02 07:38:32,024 [INFO] WebApp:442 - Direct internet connection detected
2024-08-02 07:38:32,182 [INFO] WebApp:192 - Starting web application
2024-08-02 07:38:32,183 [INFO] WebApp:544 - Web application path used /home/vboxuser/st/stm32cubeide_1.15.0/plugins/com.st.stm32cube.common.mx_6.11.0.202403141607/db/plugins/mcufinder/reactClient1/index.html
2024-08-02 07:38:32,846 [WARN] PackLoader:240 - Cannot read IP mode file for STMicroelectronics.FP-SNS-MOTENVWB1.1.4.0
2024-08-02 07:38:32,870 [WARN] PackLoader:240 - Cannot read IP mode file for STMicroelectronics.X-CUBE-SMBUS.2.1.0
2024-08-02 07:38:32,940 [WARN] PackLoader:240 - Cannot read IP mode file for STMicroelectronics.X-CUBE-AZRTOS-F7.1.1.0
2024-08-02 07:38:32,957 [WARN] PackLoader:240 - Cannot read IP mode file for STMicroelectronics.FP-SNS-FLIGHT1.5.0.2
2024-08-02 07:38:32,969 [WARN] PackLoader:240 - Cannot read IP mode file for STMicroelectronics.X-CUBE-DISPLAY.3.0.0
2024-08-02 07:38:32,987 [WARN] PackLoader:240 - Cannot read IP mode file for STMicroelectronics.X-CUBE-BLE1.7.0.0
2024-08-02 07:38:32,993 [WARN] PackLoader:240 - Cannot read IP mode file for emotas.I-CUBE-CANOPEN.1.3.0
2024-08-02 07:38:33,018 [WARN] PackLoader:240 - Cannot read IP mode file for STMicroelectronics.X-CUBE-BLEMGR.3.1.0
2024-08-02 07:38:33,031 [WARN] PackLoader:240 - Cannot read IP mode file for STMicroelectronics.FP-SNS-SMARTAG2.1.2.0
2024-08-02 07:38:33,045 [INFO] LogOutputStream:77 - [STDOUT_REDIRECT] 1 : Invalid condition id : UX_CORESTACK_Condition cause : null
2024-08-02 07:38:33,046 [INFO] LogOutputStream:77 - [STDOUT_REDIRECT] 1 : Invalid condition id : UX_CORESTACK_Condition cause : null
2024-08-02 07:38:33,046 [INFO] LogOutputStream:77 - [STDOUT_REDIRECT] 1 : Invalid condition id : UX_CORESTACK_Condition cause : null
2024-08-02 07:38:33,046 [INFO] LogOutputStream:77 - [STDOUT_REDIRECT] 1 : Invalid condition id : UX_CORESTACK_Condition cause : null
2024-08-02 07:38:33,046 [INFO] LogOutputStream:77 - [STDOUT_REDIRECT] 1 : Invalid condition id : UX_CORESTACK_Condition cause : null
2024-08-02 07:38:33,058 [WARN] PackLoader:240 - Cannot read IP mode file for STMicroelectronics.X-CUBE-AZRTOS-WL.2.0.0
2024-08-02 07:38:33,067 [WARN] PackLoader:240 - Cannot read IP mode file for STMicroelectronics.FP-SNS-MOTENV1.5.0.0
2024-08-02 07:38:33,070 [WARN] PackLoader:240 - Cannot read IP mode file for wolfSSL.I-CUBE-wolfMQTT.1.19.0
2024-08-02 07:38:33,084 [WARN] PackLoader:240 - Cannot read IP mode file for WES.I-CUBE-Cesium.1.3.0
2024-08-02 07:38:33,088 [WARN] PackLoader:240 - Cannot read IP mode file for STMicroelectronics.X-CUBE-BLE2.3.3.0
2024-08-02 07:38:33,096 [WARN] PackLoader:240 - Cannot read IP mode file for STMicroelectronics.X-CUBE-TCPP.4.1.0
2024-08-02 07:38:33,123 [WARN] PackLoader:240 - Cannot read IP mode file for STMicroelectronics.X-CUBE-AZRTOS-G0.1.1.0
2024-08-02 07:38:33,133 [WARN] PackLoader:240 - Cannot read IP mode file for STMicroelectronics.X-CUBE-SAFEA1.1.2.2
2024-08-02 07:38:33,142 [WARN] PackLoader:240 - Cannot read IP mode file for STMicroelectronics.X-CUBE-NFC4.3.0.0
2024-08-02 07:38:33,159 [WARN] PackLoader:240 - Cannot read IP mode file for EmbeddedOffice.I-CUBE-FS-RTOS.1.0.1
2024-08-02 07:38:33,160 [ERROR] ConditionMgr:805 - Attr not supported : Dmpu
2024-08-02 07:38:33,160 [ERROR] ConditionMgr:805 - Attr not supported : Dmpu
2024-08-02 07:38:33,160 [ERROR] ConditionMgr:805 - Attr not supported : Dmpu
2024-08-02 07:38:33,160 [ERROR] ConditionMgr:805 - Attr not supported : Dmpu
2024-08-02 07:38:33,160 [ERROR] ConditionMgr:805 - Attr not supported : Dmpu
2024-08-02 07:38:33,160 [ERROR] ConditionMgr:805 - Attr not supported : Dmpu
2024-08-02 07:38:33,160 [ERROR] ConditionMgr:805 - Attr not supported : Dmpu
2024-08-02 07:38:33,160 [ERROR] ConditionMgr:805 - Attr not supported : Dmpu
2024-08-02 07:38:33,161 [ERROR] ConditionMgr:805 - Attr not supported : Dmpu
2024-08-02 07:38:33,161 [ERROR] ConditionMgr:805 - Attr not supported : Dmpu
2024-08-02 07:38:33,161 [ERROR] ConditionMgr:805 - Attr not supported : Dmpu
2024-08-02 07:38:33,161 [ERROR] ConditionMgr:805 - Attr not supported : Dmpu
2024-08-02 07:38:33,161 [ERROR] ConditionMgr:805 - Attr not supported : Dmpu
2024-08-02 07:38:33,161 [ERROR] ConditionMgr:805 - Attr not supported : Dmpu
2024-08-02 07:38:33,161 [ERROR] ConditionMgr:805 - Attr not supported : Dmpu
2024-08-02 07:38:33,161 [ERROR] ConditionMgr:805 - Attr not supported : Dmpu
2024-08-02 07:38:33,161 [ERROR] ConditionMgr:805 - Attr not supported : Dmpu
2024-08-02 07:38:33,161 [ERROR] ConditionMgr:805 - Attr not supported : Dmpu
2024-08-02 07:38:33,161 [ERROR] ConditionMgr:805 - Attr not supported : Dmpu
2024-08-02 07:38:33,161 [ERROR] ConditionMgr:805 - Attr not supported : Dmpu
2024-08-02 07:38:33,161 [ERROR] ConditionMgr:805 - Attr not supported : Dmpu
2024-08-02 07:38:33,162 [ERROR] ConditionMgr:805 - Attr not supported : Dmpu
2024-08-02 07:38:33,162 [ERROR] ConditionMgr:805 - Attr not supported : Dmpu
2024-08-02 07:38:33,162 [ERROR] ConditionMgr:805 - Attr not supported : Dmpu
2024-08-02 07:38:33,162 [ERROR] ConditionMgr:805 - Attr not supported : Dmpu
2024-08-02 07:38:33,162 [ERROR] ConditionMgr:805 - Attr not supported : Dmpu
2024-08-02 07:38:33,162 [ERROR] ConditionMgr:805 - Attr not supported : Dmpu
2024-08-02 07:38:33,162 [ERROR] ConditionMgr:805 - Attr not supported : Dmpu
2024-08-02 07:38:33,162 [ERROR] ConditionMgr:805 - Attr not supported : Dmpu
2024-08-02 07:38:33,162 [ERROR] ConditionMgr:805 - Attr not supported : Dmpu
2024-08-02 07:38:33,162 [ERROR] ConditionMgr:805 - Attr not supported : Dmpu
2024-08-02 07:38:33,162 [ERROR] ConditionMgr:805 - Attr not supported : Dmpu
2024-08-02 07:38:33,162 [ERROR] ConditionMgr:805 - Attr not supported : Dmpu
2024-08-02 07:38:33,162 [ERROR] ConditionMgr:805 - Attr not supported : Dmpu
2024-08-02 07:38:33,162 [ERROR] ConditionMgr:805 - Attr not supported : Dmpu
2024-08-02 07:38:33,162 [ERROR] ConditionMgr:805 - Attr not supported : Dmpu
2024-08-02 07:38:33,163 [ERROR] ConditionMgr:805 - Attr not supported : Dmpu
2024-08-02 07:38:33,163 [ERROR] ConditionMgr:805 - Attr not supported : Dmpu
2024-08-02 07:38:33,163 [ERROR] ConditionMgr:805 - Attr not supported : Dmpu
2024-08-02 07:38:33,163 [ERROR] ConditionMgr:805 - Attr not supported : Dmpu
2024-08-02 07:38:33,163 [ERROR] ConditionMgr:805 - Attr not supported : Dmpu
2024-08-02 07:38:33,163 [ERROR] ConditionMgr:805 - Attr not supported : Dmpu
2024-08-02 07:38:33,163 [ERROR] ConditionMgr:805 - Attr not supported : Dmpu
2024-08-02 07:38:33,163 [ERROR] ConditionMgr:805 - Attr not supported : Dmpu
2024-08-02 07:38:33,163 [ERROR] ConditionMgr:805 - Attr not supported : Dmpu
2024-08-02 07:38:33,163 [ERROR] ConditionMgr:805 - Attr not supported : Dmpu
2024-08-02 07:38:33,163 [ERROR] ConditionMgr:805 - Attr not supported : Dmpu
2024-08-02 07:38:33,164 [ERROR] ConditionMgr:805 - Attr not supported : Dmpu
2024-08-02 07:38:33,164 [ERROR] ConditionMgr:805 - Attr not supported : Dmpu
2024-08-02 07:38:33,164 [ERROR] ConditionMgr:805 - Attr not supported : Dmpu
2024-08-02 07:38:33,164 [ERROR] ConditionMgr:805 - Attr not supported : Dmpu
2024-08-02 07:38:33,164 [ERROR] ConditionMgr:805 - Attr not supported : Dmpu
2024-08-02 07:38:33,164 [ERROR] ConditionMgr:805 - Attr not supported : Dmpu
2024-08-02 07:38:33,164 [ERROR] ConditionMgr:805 - Attr not supported : Dmpu
2024-08-02 07:38:33,164 [ERROR] ConditionMgr:805 - Attr not supported : Dmpu
2024-08-02 07:38:33,164 [ERROR] ConditionMgr:805 - Attr not supported : Dmpu
2024-08-02 07:38:33,164 [ERROR] ConditionMgr:805 - Attr not supported : Dmpu
2024-08-02 07:38:33,164 [ERROR] ConditionMgr:805 - Attr not supported : Dmpu
2024-08-02 07:38:33,164 [ERROR] ConditionMgr:805 - Attr not supported : Dmpu
2024-08-02 07:38:33,164 [ERROR] ConditionMgr:805 - Attr not supported : Dmpu
2024-08-02 07:38:33,165 [ERROR] ConditionMgr:805 - Attr not supported : Dmpu
2024-08-02 07:38:33,165 [ERROR] ConditionMgr:805 - Attr not supported : Dmpu
2024-08-02 07:38:33,165 [ERROR] ConditionMgr:805 - Attr not supported : Dmpu
2024-08-02 07:38:33,165 [ERROR] ConditionMgr:805 - Attr not supported : Dmpu
2024-08-02 07:38:33,171 [WARN] PackLoader:240 - Cannot read IP mode file for RealThread.X-CUBE-RT-Thread_Nano.4.1.1
2024-08-02 07:38:33,177 [WARN] PackLoader:240 - Cannot read IP mode file for STMicroelectronics.FP-ATR-SIGFOX1.3.2.0
2024-08-02 07:38:33,181 [WARN] PackLoader:240 - Cannot read IP mode file for wolfSSL.I-CUBE-wolfSSL.5.7.2
2024-08-02 07:38:33,188 [WARN] PackLoader:240 - Cannot read IP mode file for STMicroelectronics.X-CUBE-EEPRMA1.5.1.0
2024-08-02 07:38:33,197 [WARN] PackLoader:240 - Cannot read IP mode file for ITTIA_DB.I-CUBE-ITTIADB.8.9.0
2024-08-02 07:38:33,240 [WARN] PackLoader:240 - Cannot read IP mode file for SEGGER.I-CUBE-embOS.1.3.1
2024-08-02 07:38:33,302 [WARN] PackLoader:240 - Cannot read IP mode file for STMicroelectronics.X-CUBE-ALGOBUILD.1.4.0
2024-08-02 07:38:33,310 [WARN] PackLoader:240 - Cannot read IP mode file for STMicroelectronics.X-CUBE-GNSS1.6.0.0
2024-08-02 07:38:33,336 [WARN] PackLoader:240 - Cannot read IP mode file for STMicroelectronics.X-CUBE-AZRTOS-F4.1.1.0
2024-08-02 07:38:33,344 [WARN] PackLoader:240 - Cannot read IP mode file for STMicroelectronics.X-CUBE-FREERTOS.1.2.0
2024-08-02 07:38:33,361 [WARN] PackLoader:240 - Cannot read IP mode file for STMicroelectronics.X-CUBE-AZRTOS-L5.2.0.0
2024-08-02 07:38:33,373 [WARN] PackLoader:240 - Cannot read IP mode file for STMicroelectronics.X-CUBE-NFC6.3.1.0
2024-08-02 07:38:33,401 [WARN] PackLoader:240 - Cannot read IP mode file for STMicroelectronics.X-CUBE-DPower.1.2.0
2024-08-02 07:38:33,408 [WARN] PackLoader:240 - Cannot read IP mode file for STMicroelectronics.X-CUBE-AI.9.0.0
2024-08-02 07:38:33,413 [WARN] PackLoader:240 - Cannot read IP mode file for STMicroelectronics.X-CUBE-NFC7.1.0.1
2024-08-02 07:38:33,418 [WARN] PackLoader:240 - Cannot read IP mode file for wolfSSL.I-CUBE-wolfTPM.3.2.0
2024-08-02 07:38:33,438 [WARN] ConditionMgr:438 - getConditionDescription Invalid condition id : LAN8742 Phy interface Condition cause : null
2024-08-02 07:38:33,438 [WARN] PackLoader:240 - Cannot read IP mode file for STMicroelectronics.X-CUBE-AZRTOS-L4.2.0.0
2024-08-02 07:38:33,440 [WARN] ConditionMgr:1039 - genDependencies : Invalid condition id : LAN8742 Phy interface Condition cause : null
2024-08-02 07:38:33,441 [WARN] ConditionMgr:1039 - genDependencies : Invalid condition id : LAN8742 Phy interface Condition cause : null
2024-08-02 07:38:33,445 [WARN] ConditionMgr:1039 - genDependencies : Invalid condition id : LAN8742 Phy interface Condition cause : null
2024-08-02 07:38:33,476 [WARN] PackLoader:240 - Cannot read IP mode file for STMicroelectronics.X-CUBE-SFXS2LP1.4.0.0
2024-08-02 07:38:33,496 [WARN] ConditionMgr:438 - getConditionDescription Invalid condition id : UX DEVICE CLASS RTOS Condition cause : null
2024-08-02 07:38:33,496 [WARN] ConditionMgr:438 - getConditionDescription Invalid condition id : UX DEVICE CLASS RTOS Condition cause : null
2024-08-02 07:38:33,497 [WARN] PackLoader:240 - Cannot read IP mode file for STMicroelectronics.X-CUBE-AZRTOS-WB.2.0.0
2024-08-02 07:38:33,498 [WARN] ConditionMgr:1039 - genDependencies : Invalid condition id : UX DEVICE CLASS RTOS Condition cause : null
2024-08-02 07:38:33,498 [WARN] ConditionMgr:1039 - genDependencies : Invalid condition id : UX DEVICE CLASS RTOS Condition cause : null
2024-08-02 07:38:33,498 [WARN] ConditionMgr:1039 - genDependencies : Invalid condition id : UX DEVICE CLASS RTOS Condition cause : null
2024-08-02 07:38:33,498 [WARN] ConditionMgr:1039 - genDependencies : Invalid condition id : UX DEVICE CLASS RTOS Condition cause : null
2024-08-02 07:38:33,498 [WARN] ConditionMgr:1039 - genDependencies : Invalid condition id : UX DEVICE CLASS RTOS Condition cause : null
2024-08-02 07:38:33,504 [WARN] PackLoader:240 - Cannot read IP mode file for STMicroelectronics.FP-SNS-STBOX1.2.0.0
2024-08-02 07:38:33,516 [WARN] PackLoader:240 - Cannot read IP mode file for STMicroelectronics.X-CUBE-SUBG2.5.0.0
2024-08-02 07:38:33,522 [WARN] PackLoader:240 - Cannot read IP mode file for Cesanta.I-CUBE-Mongoose.7.13.0
2024-08-02 07:38:33,536 [WARN] PackLoader:240 - Cannot read IP mode file for STMicroelectronics.X-CUBE-AZRTOS-G4.2.0.0
2024-08-02 07:38:33,542 [WARN] PackLoader:240 - Cannot read IP mode file for STMicroelectronics.X-CUBE-ISPU.2.0.0
2024-08-02 07:38:33,546 [WARN] PackLoader:240 - Cannot read IP mode file for STMicroelectronics.X-CUBE-ALS.1.0.2
2024-08-02 07:38:33,580 [WARN] PackLoader:240 - Cannot read IP mode file for STMicroelectronics.X-CUBE-MEMS1.10.0.0
2024-08-02 07:38:33,735 [WARN] PackLoader:240 - Cannot read IP mode file for STMicroelectronics.X-CUBE-TOUCHGFX.4.24.0
2024-08-02 07:38:33,740 [WARN] PackLoader:240 - Cannot read IP mode file for portGmbH.I-Cube-SoM-uGOAL.1.1.0
2024-08-02 07:38:33,755 [WARN] PackLoader:240 - Cannot read IP mode file for STMicroelectronics.X-CUBE-AZRTOS-H7RS.1.0.0
2024-08-02 07:38:33,760 [WARN] PackLoader:240 - Cannot read IP mode file for STMicroelectronics.FP-ATR-ASTRA1.2.0.0
2024-08-02 07:38:33,769 [WARN] PackLoader:240 - Cannot read IP mode file for STMicroelectronics.X-CUBE-TOF1.3.4.2
2024-08-02 07:38:33,787 [WARN] PackLoader:240 - Cannot read IP mode file for STMicroelectronics.X-CUBE-TOF1.3.4.1
2024-08-02 07:38:33,812 [WARN] PackLoader:240 - Cannot read IP mode file for STMicroelectronics.X-CUBE-AZRTOS-H7.3.2.0
2024-08-02 07:38:33,825 [WARN] PackLoader:240 - Cannot read IP mode file for Infineon.AIROC-Wi-Fi-Bluetooth-STM32.1.6.0
2024-08-02 07:38:33,831 [WARN] PackLoader:240 - Cannot read IP mode file for wolfSSL.I-CUBE-wolfSSH.1.4.17
2024-08-02 07:38:33,832 [INFO] ThirdParty:978 - Integrity check success = true
2024-08-02 07:38:33,832 [INFO] IntegrityCheckThread:100 - exiting critical section [integrity check]
2024-08-02 07:38:33,832 [INFO] IntegrityCheckThread:103 - End integrity checks thread
2024-08-02 07:45:08,011 [INFO] Activator:176 - 


2024-08-02 07:45:08,013 [INFO] Activator:177 - !SESSION log4j initialized
2024-08-02 07:45:09,838 [INFO] LogOutputStream:77 - [STDOUT_REDIRECT] 
2024-08-02 07:45:12,354 [INFO] ApplicationProperties:184 - Using Application install path: /home/vboxuser/st/stm32cubeide_1.15.0/plugins/com.st.stm32cube.common.mx_6.11.0.202403141607
2024-08-02 07:45:12,385 [INFO] DbMcusXml:78 - Set database path to: /home/vboxuser/st/stm32cubeide_1.15.0/plugins/com.st.stm32cube.common.mx_6.11.0.202403141607//db//mcu/
2024-08-02 07:45:12,386 [INFO] ApiDb:274 - Set plugin database path to: /home/vboxuser/st/stm32cubeide_1.15.0/plugins/com.st.stm32cube.common.mx_6.11.0.202403141607//db//plugins/boardmanager/
2024-08-02 07:45:12,386 [WARN] ApiDb:259 - Overriding images path with different value:  => /home/vboxuser/st/stm32cubeide_1.15.0/plugins/com.st.stm32cube.common.mx_6.11.0.202403141607//db//plugins/mcufinder/images/
2024-08-02 07:45:12,404 [INFO] ApiDb:250 - Set database path to: /home/vboxuser/.stmcufinder/plugins/mcufinder//mcu/
2024-08-02 07:45:12,405 [INFO] DbMcusAds:125 - Set database path to: /home/vboxuser/.stmcufinder/plugins/mcufinder//mcu/
2024-08-02 07:45:12,409 [INFO] CrossReferenceDbSqlite:203 - Set database path to: /home/vboxuser/.stmcufinder/plugins/mcufinder//mcu/cs/
2024-08-02 07:45:12,552 [INFO] RulesReader:64 - Compatibility file has been processed (297 Rules)
2024-08-02 07:45:12,629 [INFO] DbMcusXml:78 - Set database path to: /home/vboxuser/st/stm32cubeide_1.15.0/plugins/com.st.stm32cube.common.mx_6.11.0.202403141607//db//mcu/
2024-08-02 07:45:12,629 [INFO] ApiDb:274 - Set plugin database path to: /home/vboxuser/st/stm32cubeide_1.15.0/plugins/com.st.stm32cube.common.mx_6.11.0.202403141607//db//plugins/boardmanager/
2024-08-02 07:45:12,630 [INFO] ApiDb:261 - Set plugin images path to: /home/vboxuser/st/stm32cubeide_1.15.0/plugins/com.st.stm32cube.common.mx_6.11.0.202403141607//db//plugins/mcufinder/images/
2024-08-02 07:45:12,630 [WARN] DbFile:41 - Overriding database path with different value: /home/vboxuser/.stmcufinder/plugins/mcufinder/ => /home/vboxuser/.stmcufinder/plugins/mcufinder
2024-08-02 07:45:12,630 [INFO] ApiDb:250 - Set database path to: /home/vboxuser/.stmcufinder/plugins/mcufinder//mcu/
2024-08-02 07:45:12,630 [WARN] DbFile:41 - Overriding database path with different value: /home/vboxuser/.stmcufinder/plugins/mcufinder/ => /home/vboxuser/.stmcufinder/plugins/mcufinder
2024-08-02 07:45:12,630 [INFO] DbMcusAds:125 - Set database path to: /home/vboxuser/.stmcufinder/plugins/mcufinder//mcu/
2024-08-02 07:45:12,630 [WARN] DbFile:41 - Overriding database path with different value: /home/vboxuser/.stmcufinder/plugins/mcufinder/ => /home/vboxuser/.stmcufinder/plugins/mcufinder
2024-08-02 07:45:12,630 [WARN] DbFile:41 - Overriding database path with different value: /home/vboxuser/.stmcufinder/plugins/mcufinder/ => /home/vboxuser/.stmcufinder/plugins/mcufinder
2024-08-02 07:45:12,630 [INFO] CrossReferenceDbSqlite:203 - Set database path to: /home/vboxuser/.stmcufinder/plugins/mcufinder//mcu/cs/
2024-08-02 07:45:12,728 [INFO] MainPanel:264 - HeapMemory: 268435456
2024-08-02 07:45:12,885 [INFO] DbMcusXml:78 - Set database path to: /home/vboxuser/st/stm32cubeide_1.15.0/plugins/com.st.stm32cube.common.mx_6.11.0.202403141607//db//mcu/
2024-08-02 07:45:12,885 [INFO] ApiDb:274 - Set plugin database path to: /home/vboxuser/st/stm32cubeide_1.15.0/plugins/com.st.stm32cube.common.mx_6.11.0.202403141607//db//plugins/boardmanager/
2024-08-02 07:45:12,885 [INFO] ApiDb:261 - Set plugin images path to: /home/vboxuser/st/stm32cubeide_1.15.0/plugins/com.st.stm32cube.common.mx_6.11.0.202403141607//db//plugins/mcufinder/images/
2024-08-02 07:45:12,886 [WARN] DbFile:41 - Overriding database path with different value: /home/vboxuser/.stmcufinder/plugins/mcufinder/ => /home/vboxuser/.stmcufinder/plugins/mcufinder
2024-08-02 07:45:12,886 [INFO] ApiDb:250 - Set database path to: /home/vboxuser/.stmcufinder/plugins/mcufinder//mcu/
2024-08-02 07:45:12,886 [WARN] DbFile:41 - Overriding database path with different value: /home/vboxuser/.stmcufinder/plugins/mcufinder/ => /home/vboxuser/.stmcufinder/plugins/mcufinder
2024-08-02 07:45:12,886 [INFO] DbMcusAds:125 - Set database path to: /home/vboxuser/.stmcufinder/plugins/mcufinder//mcu/
2024-08-02 07:45:12,886 [WARN] DbFile:41 - Overriding database path with different value: /home/vboxuser/.stmcufinder/plugins/mcufinder/ => /home/vboxuser/.stmcufinder/plugins/mcufinder
2024-08-02 07:45:12,886 [WARN] DbFile:41 - Overriding database path with different value: /home/vboxuser/.stmcufinder/plugins/mcufinder/ => /home/vboxuser/.stmcufinder/plugins/mcufinder
2024-08-02 07:45:12,886 [INFO] CrossReferenceDbSqlite:203 - Set database path to: /home/vboxuser/.stmcufinder/plugins/mcufinder//mcu/cs/
2024-08-02 07:45:12,907 [INFO] ApplicationProperties:184 - Using Application install path: /home/vboxuser/st/stm32cubeide_1.15.0/plugins/com.st.stm32cube.common.mx_6.11.0.202403141607
2024-08-02 07:45:12,912 [INFO] PluginManage:196 - Search for loadable plugins [exclusion list=, ]
2024-08-02 07:45:12,913 [INFO] PluginManage:310 - Check plugin analytics
2024-08-02 07:45:13,088 [INFO] AnalyticsPlugin:253 - Accepted Software Licenses: 
2024-08-02 07:45:13,088 [INFO] AnalyticsPlugin:255 - Accepted CMSIS Pack Licenses: 
2024-08-02 07:45:13,089 [INFO] AnalyticsPlugin:257 - Accepted Firmware Licenses: 
2024-08-02 07:45:13,095 [INFO] PluginManage:359 - Loaded plugin analytics (category:tool,tabindex:-1)
2024-08-02 07:45:13,095 [INFO] PluginManage:310 - Check plugin cadmodel
2024-08-02 07:45:13,152 [INFO] CADModel:105 - Init CAD model plugin
2024-08-02 07:45:13,153 [INFO] PluginManage:359 - Loaded plugin cadmodel (category:power,tabindex:5)
2024-08-02 07:45:13,153 [INFO] PluginManage:310 - Check plugin clock
2024-08-02 07:45:13,175 [INFO] PluginManage:359 - Loaded plugin clock (category:base,tabindex:2)
2024-08-02 07:45:13,175 [INFO] PluginManage:310 - Check plugin ddr
2024-08-02 07:45:13,179 [INFO] PluginManage:359 - Loaded plugin ddr (category:tool,tabindex:6)
2024-08-02 07:45:13,180 [INFO] PluginManage:310 - Check plugin filemanager
2024-08-02 07:45:13,370 [INFO] PluginManage:359 - Loaded plugin filemanager (category:base,tabindex:10)
2024-08-02 07:45:13,370 [INFO] PluginManage:310 - Check plugin ipmanager
2024-08-02 07:45:13,377 [INFO] PluginManage:359 - Loaded plugin ipmanager (category:base,tabindex:5)
2024-08-02 07:45:13,378 [INFO] PluginManage:310 - Check plugin lpbam
2024-08-02 07:45:13,390 [INFO] PluginManage:359 - Loaded plugin lpbam (category:base,tabindex:0)
2024-08-02 07:45:13,390 [INFO] PluginManage:310 - Check plugin memorymap
2024-08-02 07:45:13,405 [INFO] PluginManage:359 - Loaded plugin memorymap (category:base,tabindex:4)
2024-08-02 07:45:13,405 [INFO] PluginManage:310 - Check plugin pinoutandconfiguration
2024-08-02 07:45:13,430 [INFO] PluginManage:359 - Loaded plugin pinoutandconfiguration (category:base,tabindex:1)
2024-08-02 07:45:13,430 [INFO] PluginManage:310 - Check plugin pinoutconfig
2024-08-02 07:45:13,524 [WARN] SupportedApi:132 - Cannot load RTOS API schema: s4s-elt-must-match.1: The content of 'definitions' must match (annotation?, (simpleType | complexType)?, (unique | key | keyref)*)). A problem was found starting at: attribute.
2024-08-02 07:45:13,662 [INFO] PluginManage:359 - Loaded plugin pinoutconfig (category:base,tabindex:0)
2024-08-02 07:45:13,663 [INFO] PluginManage:310 - Check plugin power
2024-08-02 07:45:13,675 [INFO] PluginManage:359 - Loaded plugin power (category:power,tabindex:4)
2024-08-02 07:45:13,675 [INFO] PluginManage:310 - Check plugin projectmanager
2024-08-02 07:45:13,693 [INFO] PluginManage:359 - Loaded plugin projectmanager (category:projectmanager,tabindex:3)
2024-08-02 07:45:13,693 [INFO] PluginManage:310 - Check plugin thirdparty
2024-08-02 07:45:13,885 [WARN] IntegrityCheckThread:84 - waiting for thirdparty lock release [integrity check]
2024-08-02 07:45:13,885 [INFO] PluginManage:359 - Loaded plugin thirdparty (category:base,tabindex:-1)
2024-08-02 07:45:13,885 [INFO] IntegrityCheckThread:86 - entering critical section [integrity check]
2024-08-02 07:45:13,885 [INFO] PluginManage:310 - Check plugin tools
2024-08-02 07:45:13,886 [INFO] ThirdPartyUpdaterWithRetryManager:70 - Updater plugin not ready yet. [1/15]
2024-08-02 07:45:13,888 [INFO] PluginManage:359 - Loaded plugin tools (category:base,tabindex:7)
2024-08-02 07:45:13,888 [INFO] PluginManage:310 - Check plugin tutovideos
2024-08-02 07:45:14,093 [INFO] PluginManage:359 - Loaded plugin tutovideos (category:base,tabindex:-1)
2024-08-02 07:45:14,093 [INFO] PluginManage:310 - Check plugin updater
2024-08-02 07:45:14,115 [INFO] PluginManage:359 - Loaded plugin updater (category:base,tabindex:12)
2024-08-02 07:45:14,115 [INFO] PluginManage:310 - Check plugin userauth
2024-08-02 07:45:14,123 [INFO] UserAuth:114 - Init User Auth plugin
2024-08-02 07:45:14,123 [INFO] PluginManage:359 - Loaded plugin userauth (category:base,tabindex:14)
2024-08-02 07:45:14,124 [INFO] PluginManage:283 - PluginManage : Loaded plugins [17]
2024-08-02 07:45:14,359 [INFO] PinOutPanel:1561 - setPackage(No Configuration,No Configuration)
2024-08-02 07:45:14,434 [INFO] CADModel:165 - CPN selected for project level
2024-08-02 07:45:14,434 [INFO] CADModel:114 - Register for checkConnection events
2024-08-02 07:45:14,453 [INFO] IPUIPlugin:80 - create IPUIPlugin
2024-08-02 07:45:14,454 [INFO] PluginManager:220 - loadIPPluginJar : add opamp
2024-08-02 07:45:14,463 [INFO] IPUIPlugin:80 - create IPUIPlugin
2024-08-02 07:45:14,464 [INFO] PluginManager:220 - loadIPPluginJar : add adc
2024-08-02 07:45:14,468 [INFO] IPUIPlugin:80 - create IPUIPlugin
2024-08-02 07:45:14,469 [INFO] PluginManager:220 - loadIPPluginJar : add dma3
2024-08-02 07:45:14,473 [INFO] IPUIPlugin:80 - create IPUIPlugin
2024-08-02 07:45:14,473 [INFO] PluginManager:220 - loadIPPluginJar : add usart
2024-08-02 07:45:14,476 [INFO] IPUIPlugin:80 - create IPUIPlugin
2024-08-02 07:45:14,477 [INFO] PluginManager:220 - loadIPPluginJar : add spi
2024-08-02 07:45:14,482 [INFO] IPUIPlugin:80 - create IPUIPlugin
2024-08-02 07:45:14,483 [INFO] PluginManager:220 - loadIPPluginJar : add tracer_emb
2024-08-02 07:45:14,488 [INFO] IPUIPlugin:80 - create IPUIPlugin
2024-08-02 07:45:14,488 [INFO] PluginManager:220 - loadIPPluginJar : add touchsensing
2024-08-02 07:45:14,498 [INFO] IPUIPlugin:80 - create IPUIPlugin
2024-08-02 07:45:14,498 [INFO] PluginManager:220 - loadIPPluginJar : add resmgrutility
2024-08-02 07:45:14,504 [INFO] IPUIPlugin:80 - create IPUIPlugin
2024-08-02 07:45:14,504 [INFO] PluginManager:220 - loadIPPluginJar : add sai
2024-08-02 07:45:14,507 [INFO] IPUIPlugin:80 - create IPUIPlugin
2024-08-02 07:45:14,508 [INFO] PluginManager:220 - loadIPPluginJar : add aes
2024-08-02 07:45:14,510 [INFO] IPUIPlugin:80 - create IPUIPlugin
2024-08-02 07:45:14,511 [INFO] PluginManager:220 - loadIPPluginJar : add cryp
2024-08-02 07:45:14,514 [INFO] IPUIPlugin:80 - create IPUIPlugin
2024-08-02 07:45:14,515 [INFO] PluginManager:220 - loadIPPluginJar : add usbx
2024-08-02 07:45:14,517 [INFO] IPUIPlugin:80 - create IPUIPlugin
2024-08-02 07:45:14,517 [INFO] PluginManager:220 - loadIPPluginJar : add comp
2024-08-02 07:45:14,525 [INFO] IPUIPlugin:80 - create IPUIPlugin
2024-08-02 07:45:14,525 [INFO] PluginManager:220 - loadIPPluginJar : add dma
2024-08-02 07:45:14,528 [INFO] IPUIPlugin:80 - create IPUIPlugin
2024-08-02 07:45:14,528 [INFO] PluginManager:220 - loadIPPluginJar : add ts
2024-08-02 07:45:14,530 [INFO] IPUIPlugin:80 - create IPUIPlugin
2024-08-02 07:45:14,530 [INFO] PluginManager:220 - loadIPPluginJar : add quadspi
2024-08-02 07:45:14,533 [INFO] IPUIPlugin:80 - create IPUIPlugin
2024-08-02 07:45:14,534 [INFO] PluginManager:220 - loadIPPluginJar : add lorawan
2024-08-02 07:45:14,538 [INFO] IPUIPlugin:80 - create IPUIPlugin
2024-08-02 07:45:14,538 [INFO] PluginManager:220 - loadIPPluginJar : add extmemmanager
2024-08-02 07:45:14,542 [INFO] IPUIPlugin:80 - create IPUIPlugin
2024-08-02 07:45:14,542 [INFO] PluginManager:220 - loadIPPluginJar : add openamp
2024-08-02 07:45:14,547 [INFO] IPUIPlugin:80 - create IPUIPlugin
2024-08-02 07:45:14,547 [INFO] PluginManager:220 - loadIPPluginJar : add fmc
2024-08-02 07:45:14,556 [INFO] IPUIPlugin:80 - create IPUIPlugin
2024-08-02 07:45:14,557 [INFO] PluginManager:220 - loadIPPluginJar : add gpio
2024-08-02 07:45:14,560 [INFO] IPUIPlugin:80 - create IPUIPlugin
2024-08-02 07:45:14,560 [INFO] PluginManager:220 - loadIPPluginJar : add i2s
2024-08-02 07:45:14,563 [INFO] IPUIPlugin:80 - create IPUIPlugin
2024-08-02 07:45:14,563 [INFO] PluginManager:220 - loadIPPluginJar : add tim
2024-08-02 07:45:14,573 [INFO] IPUIPlugin:80 - create IPUIPlugin
2024-08-02 07:45:14,574 [INFO] PluginManager:220 - loadIPPluginJar : add freertos
2024-08-02 07:45:14,577 [INFO] IPUIPlugin:80 - create IPUIPlugin
2024-08-02 07:45:14,578 [INFO] PluginManager:220 - loadIPPluginJar : add gfxmmu
2024-08-02 07:45:14,581 [INFO] IPUIPlugin:80 - create IPUIPlugin
2024-08-02 07:45:14,581 [INFO] PluginManager:220 - loadIPPluginJar : add can
2024-08-02 07:45:14,583 [INFO] IPUIPlugin:80 - create IPUIPlugin
2024-08-02 07:45:14,584 [INFO] PluginManager:220 - loadIPPluginJar : add genericplugin
2024-08-02 07:45:14,601 [INFO] IPUIPlugin:80 - create IPUIPlugin
2024-08-02 07:45:14,602 [INFO] PluginManager:220 - loadIPPluginJar : add mdma
2024-08-02 07:45:14,606 [INFO] IPUIPlugin:80 - create IPUIPlugin
2024-08-02 07:45:14,606 [INFO] PluginManager:220 - loadIPPluginJar : add i3c
2024-08-02 07:45:14,619 [INFO] IPUIPlugin:80 - create IPUIPlugin
2024-08-02 07:45:14,622 [INFO] PluginManager:220 - loadIPPluginJar : add plateformsettings
2024-08-02 07:45:14,626 [INFO] IPUIPlugin:80 - create IPUIPlugin
2024-08-02 07:45:14,627 [INFO] PluginManager:220 - loadIPPluginJar : add gtzc
2024-08-02 07:45:14,629 [INFO] IPUIPlugin:80 - create IPUIPlugin
2024-08-02 07:45:14,629 [INFO] PluginManager:220 - loadIPPluginJar : add dfsdm
2024-08-02 07:45:14,636 [INFO] IPUIPlugin:80 - create IPUIPlugin
2024-08-02 07:45:14,637 [INFO] PluginManager:220 - loadIPPluginJar : add stm32_wpan
2024-08-02 07:45:14,644 [INFO] IPUIPlugin:80 - create IPUIPlugin
2024-08-02 07:45:14,644 [INFO] PluginManager:220 - loadIPPluginJar : add gic
2024-08-02 07:45:14,653 [INFO] IPUIPlugin:80 - create IPUIPlugin
2024-08-02 07:45:14,653 [INFO] PluginManager:220 - loadIPPluginJar : add linkedlist
2024-08-02 07:45:14,655 [INFO] IPUIPlugin:80 - create IPUIPlugin
2024-08-02 07:45:14,656 [INFO] PluginManager:220 - loadIPPluginJar : add ltdc
2024-08-02 07:45:14,657 [INFO] IPUIPlugin:80 - create IPUIPlugin
2024-08-02 07:45:14,657 [INFO] PluginManager:220 - loadIPPluginJar : add fatfs
2024-08-02 07:45:14,664 [INFO] IPUIPlugin:80 - create IPUIPlugin
2024-08-02 07:45:14,665 [INFO] PluginManager:220 - loadIPPluginJar : add nvic
2024-08-02 07:45:14,668 [INFO] IPUIPlugin:80 - create IPUIPlugin
2024-08-02 07:45:14,668 [INFO] PluginManager:220 - loadIPPluginJar : add pdm2pcm
2024-08-02 07:45:14,671 [INFO] IPUIPlugin:80 - create IPUIPlugin
2024-08-02 07:45:14,671 [INFO] PluginManager:220 - loadIPPluginJar : add ucpd
2024-08-02 07:45:14,675 [INFO] IPUIPlugin:80 - create IPUIPlugin
2024-08-02 07:45:14,675 [INFO] PluginManager:220 - loadIPPluginJar : add i2c
2024-08-02 07:45:14,680 [INFO] IPUIPlugin:80 - create IPUIPlugin
2024-08-02 07:45:14,681 [INFO] PluginManager:220 - loadIPPluginJar : add ipddr
2024-08-02 07:45:14,687 [INFO] IPUIPlugin:80 - create IPUIPlugin
2024-08-02 07:45:14,688 [INFO] PluginManager:220 - loadIPPluginJar : add hash
2024-08-02 07:45:14,690 [INFO] IPUIPlugin:80 - create IPUIPlugin
2024-08-02 07:45:14,691 [INFO] PluginManager:220 - loadIPPluginJar : add tsc
2024-08-02 07:45:14,800 [INFO] CADModel:165 - CPN selected for project level
2024-08-02 07:45:14,800 [INFO] CADModel:114 - Register for checkConnection events
2024-08-02 07:45:14,800 [FATAL] Updater:308 - Updater called before beeing initialized
2024-08-02 07:45:14,800 [ERROR] CADModel:125 - Updater not yet initialized, retry later 
2024-08-02 07:45:15,118 [INFO] CADModel:165 - CPN selected for project level
2024-08-02 07:45:15,119 [INFO] CADModel:114 - Register for checkConnection events
2024-08-02 07:45:15,119 [FATAL] Updater:308 - Updater called before beeing initialized
2024-08-02 07:45:15,119 [ERROR] CADModel:125 - Updater not yet initialized, retry later 
2024-08-02 07:45:15,125 [FATAL] Updater:308 - Updater called before beeing initialized
2024-08-02 07:45:15,243 [FATAL] Updater:308 - Updater called before beeing initialized
2024-08-02 07:45:15,248 [INFO] DbMcusAds:53 - JSON generation date=Thu Sep 30 06:55:09 UTC 2021 (1632984909247)
2024-08-02 07:45:15,248 [FATAL] Updater:308 - Updater called before beeing initialized
2024-08-02 07:45:15,290 [WARN] DetailPanel:346 - Failed to get advertising image, set to default
2024-08-02 07:45:15,363 [FATAL] Updater:308 - Updater called before beeing initialized
2024-08-02 07:45:15,367 [FATAL] Updater:308 - Updater called before beeing initialized
2024-08-02 07:45:15,367 [FATAL] Updater:308 - Updater called before beeing initialized
2024-08-02 07:45:15,367 [WARN] DetailPanel:346 - Failed to get advertising image, set to default
2024-08-02 07:45:15,368 [FATAL] Updater:308 - Updater called before beeing initialized
2024-08-02 07:45:15,401 [ERROR] Updater:1120 - MainUpdater not yet initialized. External WinMGr cannot be set.
2024-08-02 07:45:15,404 [INFO] Updater:1056 - Updater Version found : 6.11.0
2024-08-02 07:45:15,434 [INFO] ApplicationProperties:184 - Using Application install path: /home/vboxuser/st/stm32cubeide_1.15.0/plugins/com.st.stm32cube.common.mx_6.11.0.202403141607
2024-08-02 07:45:15,768 [INFO] MainUpdater:2873 - connection check result : 10
2024-08-02 07:45:15,769 [INFO] MainUpdater:290 - Updater Check For Update Now.
2024-08-02 07:45:15,769 [INFO] MicroXplorer:498 - Change Database Version : DB.6.0.110
2024-08-02 07:45:15,773 [INFO] McuFinderGlobals:63 - Set McuFinder mode to 2 (CubeIDE integrated)
2024-08-02 07:45:15,773 [INFO] UserAuth:179 - activating auth plugin
2024-08-02 07:45:15,784 [INFO] UserAuth:415 - Internet connection configuration mode: 1
2024-08-02 07:45:15,818 [INFO] JxBrowserEngine:152 - Initiate JxBrowser Engine with user profile folder
2024-08-02 07:45:15,949 [INFO] CheckServerUpdateThread:120 - End of CheckServer Thread
2024-08-02 07:45:17,282 [WARN] PackLoader:240 - Cannot read IP mode file for STMicroelectronics.FP-SNS-MOTENVWB1.1.4.0
2024-08-02 07:45:17,321 [WARN] PackLoader:240 - Cannot read IP mode file for STMicroelectronics.X-CUBE-SMBUS.2.1.0
2024-08-02 07:45:17,450 [WARN] PackLoader:240 - Cannot read IP mode file for STMicroelectronics.X-CUBE-AZRTOS-F7.1.1.0
2024-08-02 07:45:17,505 [WARN] PackLoader:240 - Cannot read IP mode file for STMicroelectronics.FP-SNS-FLIGHT1.5.0.2
2024-08-02 07:45:17,559 [WARN] PackLoader:240 - Cannot read IP mode file for STMicroelectronics.X-CUBE-DISPLAY.3.0.0
2024-08-02 07:45:17,614 [WARN] PackLoader:240 - Cannot read IP mode file for STMicroelectronics.X-CUBE-BLE1.7.0.0
2024-08-02 07:45:17,629 [WARN] PackLoader:240 - Cannot read IP mode file for emotas.I-CUBE-CANOPEN.1.3.0
2024-08-02 07:45:17,679 [WARN] PackLoader:240 - Cannot read IP mode file for STMicroelectronics.X-CUBE-BLEMGR.3.1.0
2024-08-02 07:45:17,718 [WARN] PackLoader:240 - Cannot read IP mode file for STMicroelectronics.FP-SNS-SMARTAG2.1.2.0
2024-08-02 07:45:17,750 [INFO] LogOutputStream:77 - [STDOUT_REDIRECT] 1 : Invalid condition id : UX_CORESTACK_Condition cause : null
2024-08-02 07:45:17,754 [INFO] LogOutputStream:77 - [STDOUT_REDIRECT] 1 : Invalid condition id : UX_CORESTACK_Condition cause : null
2024-08-02 07:45:17,754 [INFO] LogOutputStream:77 - [STDOUT_REDIRECT] 1 : Invalid condition id : UX_CORESTACK_Condition cause : null
2024-08-02 07:45:17,755 [INFO] LogOutputStream:77 - [STDOUT_REDIRECT] 1 : Invalid condition id : UX_CORESTACK_Condition cause : null
2024-08-02 07:45:17,757 [INFO] LogOutputStream:77 - [STDOUT_REDIRECT] 1 : Invalid condition id : UX_CORESTACK_Condition cause : null
2024-08-02 07:45:17,775 [WARN] PackLoader:240 - Cannot read IP mode file for STMicroelectronics.X-CUBE-AZRTOS-WL.2.0.0
2024-08-02 07:45:17,793 [WARN] PackLoader:240 - Cannot read IP mode file for STMicroelectronics.FP-SNS-MOTENV1.5.0.0
2024-08-02 07:45:17,804 [WARN] PackLoader:240 - Cannot read IP mode file for wolfSSL.I-CUBE-wolfMQTT.1.19.0
2024-08-02 07:45:17,828 [WARN] PackLoader:240 - Cannot read IP mode file for WES.I-CUBE-Cesium.1.3.0
2024-08-02 07:45:17,835 [WARN] PackLoader:240 - Cannot read IP mode file for STMicroelectronics.X-CUBE-BLE2.3.3.0
2024-08-02 07:45:17,856 [WARN] PackLoader:240 - Cannot read IP mode file for STMicroelectronics.X-CUBE-TCPP.4.1.0
2024-08-02 07:45:17,887 [WARN] PackLoader:240 - Cannot read IP mode file for STMicroelectronics.X-CUBE-AZRTOS-G0.1.1.0
2024-08-02 07:45:17,908 [WARN] PackLoader:240 - Cannot read IP mode file for STMicroelectronics.X-CUBE-SAFEA1.1.2.2
2024-08-02 07:45:17,922 [WARN] PackLoader:240 - Cannot read IP mode file for STMicroelectronics.X-CUBE-NFC4.3.0.0
2024-08-02 07:45:17,934 [WARN] PackLoader:240 - Cannot read IP mode file for EmbeddedOffice.I-CUBE-FS-RTOS.1.0.1
2024-08-02 07:45:17,935 [ERROR] ConditionMgr:805 - Attr not supported : Dmpu
2024-08-02 07:45:17,935 [ERROR] ConditionMgr:805 - Attr not supported : Dmpu
2024-08-02 07:45:17,935 [ERROR] ConditionMgr:805 - Attr not supported : Dmpu
2024-08-02 07:45:17,935 [ERROR] ConditionMgr:805 - Attr not supported : Dmpu
2024-08-02 07:45:17,935 [ERROR] ConditionMgr:805 - Attr not supported : Dmpu
2024-08-02 07:45:17,935 [ERROR] ConditionMgr:805 - Attr not supported : Dmpu
2024-08-02 07:45:17,935 [ERROR] ConditionMgr:805 - Attr not supported : Dmpu
2024-08-02 07:45:17,936 [ERROR] ConditionMgr:805 - Attr not supported : Dmpu
2024-08-02 07:45:17,936 [ERROR] ConditionMgr:805 - Attr not supported : Dmpu
2024-08-02 07:45:17,936 [ERROR] ConditionMgr:805 - Attr not supported : Dmpu
2024-08-02 07:45:17,936 [ERROR] ConditionMgr:805 - Attr not supported : Dmpu
2024-08-02 07:45:17,936 [ERROR] ConditionMgr:805 - Attr not supported : Dmpu
2024-08-02 07:45:17,936 [ERROR] ConditionMgr:805 - Attr not supported : Dmpu
2024-08-02 07:45:17,936 [ERROR] ConditionMgr:805 - Attr not supported : Dmpu
2024-08-02 07:45:17,936 [ERROR] ConditionMgr:805 - Attr not supported : Dmpu
2024-08-02 07:45:17,936 [ERROR] ConditionMgr:805 - Attr not supported : Dmpu
2024-08-02 07:45:17,936 [ERROR] ConditionMgr:805 - Attr not supported : Dmpu
2024-08-02 07:45:17,936 [ERROR] ConditionMgr:805 - Attr not supported : Dmpu
2024-08-02 07:45:17,936 [ERROR] ConditionMgr:805 - Attr not supported : Dmpu
2024-08-02 07:45:17,936 [ERROR] ConditionMgr:805 - Attr not supported : Dmpu
2024-08-02 07:45:17,936 [ERROR] ConditionMgr:805 - Attr not supported : Dmpu
2024-08-02 07:45:17,937 [ERROR] ConditionMgr:805 - Attr not supported : Dmpu
2024-08-02 07:45:17,937 [ERROR] ConditionMgr:805 - Attr not supported : Dmpu
2024-08-02 07:45:17,937 [ERROR] ConditionMgr:805 - Attr not supported : Dmpu
2024-08-02 07:45:17,937 [ERROR] ConditionMgr:805 - Attr not supported : Dmpu
2024-08-02 07:45:17,937 [ERROR] ConditionMgr:805 - Attr not supported : Dmpu
2024-08-02 07:45:17,937 [ERROR] ConditionMgr:805 - Attr not supported : Dmpu
2024-08-02 07:45:17,937 [ERROR] ConditionMgr:805 - Attr not supported : Dmpu
2024-08-02 07:45:17,937 [ERROR] ConditionMgr:805 - Attr not supported : Dmpu
2024-08-02 07:45:17,937 [ERROR] ConditionMgr:805 - Attr not supported : Dmpu
2024-08-02 07:45:17,937 [ERROR] ConditionMgr:805 - Attr not supported : Dmpu
2024-08-02 07:45:17,937 [ERROR] ConditionMgr:805 - Attr not supported : Dmpu
2024-08-02 07:45:17,937 [ERROR] ConditionMgr:805 - Attr not supported : Dmpu
2024-08-02 07:45:17,937 [ERROR] ConditionMgr:805 - Attr not supported : Dmpu
2024-08-02 07:45:17,938 [ERROR] ConditionMgr:805 - Attr not supported : Dmpu
2024-08-02 07:45:17,938 [ERROR] ConditionMgr:805 - Attr not supported : Dmpu
2024-08-02 07:45:17,938 [ERROR] ConditionMgr:805 - Attr not supported : Dmpu
2024-08-02 07:45:17,938 [ERROR] ConditionMgr:805 - Attr not supported : Dmpu
2024-08-02 07:45:17,938 [ERROR] ConditionMgr:805 - Attr not supported : Dmpu
2024-08-02 07:45:17,938 [ERROR] ConditionMgr:805 - Attr not supported : Dmpu
2024-08-02 07:45:17,938 [ERROR] ConditionMgr:805 - Attr not supported : Dmpu
2024-08-02 07:45:17,938 [ERROR] ConditionMgr:805 - Attr not supported : Dmpu
2024-08-02 07:45:17,939 [ERROR] ConditionMgr:805 - Attr not supported : Dmpu
2024-08-02 07:45:17,939 [ERROR] ConditionMgr:805 - Attr not supported : Dmpu
2024-08-02 07:45:17,939 [ERROR] ConditionMgr:805 - Attr not supported : Dmpu
2024-08-02 07:45:17,939 [ERROR] ConditionMgr:805 - Attr not supported : Dmpu
2024-08-02 07:45:17,939 [ERROR] ConditionMgr:805 - Attr not supported : Dmpu
2024-08-02 07:45:17,939 [ERROR] ConditionMgr:805 - Attr not supported : Dmpu
2024-08-02 07:45:17,939 [ERROR] ConditionMgr:805 - Attr not supported : Dmpu
2024-08-02 07:45:17,939 [ERROR] ConditionMgr:805 - Attr not supported : Dmpu
2024-08-02 07:45:17,939 [ERROR] ConditionMgr:805 - Attr not supported : Dmpu
2024-08-02 07:45:17,939 [ERROR] ConditionMgr:805 - Attr not supported : Dmpu
2024-08-02 07:45:17,939 [ERROR] ConditionMgr:805 - Attr not supported : Dmpu
2024-08-02 07:45:17,940 [ERROR] ConditionMgr:805 - Attr not supported : Dmpu
2024-08-02 07:45:17,940 [ERROR] ConditionMgr:805 - Attr not supported : Dmpu
2024-08-02 07:45:17,940 [ERROR] ConditionMgr:805 - Attr not supported : Dmpu
2024-08-02 07:45:17,940 [ERROR] ConditionMgr:805 - Attr not supported : Dmpu
2024-08-02 07:45:17,940 [ERROR] ConditionMgr:805 - Attr not supported : Dmpu
2024-08-02 07:45:17,940 [ERROR] ConditionMgr:805 - Attr not supported : Dmpu
2024-08-02 07:45:17,940 [ERROR] ConditionMgr:805 - Attr not supported : Dmpu
2024-08-02 07:45:17,940 [ERROR] ConditionMgr:805 - Attr not supported : Dmpu
2024-08-02 07:45:17,940 [ERROR] ConditionMgr:805 - Attr not supported : Dmpu
2024-08-02 07:45:17,940 [ERROR] ConditionMgr:805 - Attr not supported : Dmpu
2024-08-02 07:45:17,940 [ERROR] ConditionMgr:805 - Attr not supported : Dmpu
2024-08-02 07:45:17,947 [WARN] PackLoader:240 - Cannot read IP mode file for RealThread.X-CUBE-RT-Thread_Nano.4.1.1
2024-08-02 07:45:17,950 [WARN] PackLoader:240 - Cannot read IP mode file for STMicroelectronics.FP-ATR-SIGFOX1.3.2.0
2024-08-02 07:45:17,958 [WARN] PackLoader:240 - Cannot read IP mode file for wolfSSL.I-CUBE-wolfSSL.5.7.2
2024-08-02 07:45:17,964 [WARN] PackLoader:240 - Cannot read IP mode file for STMicroelectronics.X-CUBE-EEPRMA1.5.1.0
2024-08-02 07:45:17,973 [WARN] PackLoader:240 - Cannot read IP mode file for ITTIA_DB.I-CUBE-ITTIADB.8.9.0
2024-08-02 07:45:18,009 [WARN] PackLoader:240 - Cannot read IP mode file for SEGGER.I-CUBE-embOS.1.3.1
2024-08-02 07:45:18,058 [WARN] PackLoader:240 - Cannot read IP mode file for STMicroelectronics.X-CUBE-ALGOBUILD.1.4.0
2024-08-02 07:45:18,072 [WARN] PackLoader:240 - Cannot read IP mode file for STMicroelectronics.X-CUBE-GNSS1.6.0.0
2024-08-02 07:45:18,101 [WARN] PackLoader:240 - Cannot read IP mode file for STMicroelectronics.X-CUBE-AZRTOS-F4.1.1.0
2024-08-02 07:45:18,111 [WARN] PackLoader:240 - Cannot read IP mode file for STMicroelectronics.X-CUBE-FREERTOS.1.2.0
2024-08-02 07:45:18,146 [WARN] PackLoader:240 - Cannot read IP mode file for STMicroelectronics.X-CUBE-AZRTOS-L5.2.0.0
2024-08-02 07:45:18,173 [WARN] PackLoader:240 - Cannot read IP mode file for STMicroelectronics.X-CUBE-NFC6.3.1.0
2024-08-02 07:45:18,186 [WARN] PackLoader:240 - Cannot read IP mode file for STMicroelectronics.X-CUBE-DPower.1.2.0
2024-08-02 07:45:18,196 [WARN] PackLoader:240 - Cannot read IP mode file for STMicroelectronics.X-CUBE-AI.9.0.0
2024-08-02 07:45:18,206 [WARN] PackLoader:240 - Cannot read IP mode file for STMicroelectronics.X-CUBE-NFC7.1.0.1
2024-08-02 07:45:18,215 [WARN] PackLoader:240 - Cannot read IP mode file for wolfSSL.I-CUBE-wolfTPM.3.2.0
2024-08-02 07:45:18,287 [INFO] WebApp:161 - Instantiating new browser for Auth
2024-08-02 07:45:18,326 [WARN] ConditionMgr:438 - getConditionDescription Invalid condition id : LAN8742 Phy interface Condition cause : null
2024-08-02 07:45:18,327 [WARN] PackLoader:240 - Cannot read IP mode file for STMicroelectronics.X-CUBE-AZRTOS-L4.2.0.0
2024-08-02 07:45:18,332 [WARN] ConditionMgr:1039 - genDependencies : Invalid condition id : LAN8742 Phy interface Condition cause : null
2024-08-02 07:45:18,333 [WARN] ConditionMgr:1039 - genDependencies : Invalid condition id : LAN8742 Phy interface Condition cause : null
2024-08-02 07:45:18,334 [WARN] ConditionMgr:1039 - genDependencies : Invalid condition id : LAN8742 Phy interface Condition cause : null
2024-08-02 07:45:18,377 [WARN] PackLoader:240 - Cannot read IP mode file for STMicroelectronics.X-CUBE-SFXS2LP1.4.0.0
2024-08-02 07:45:18,439 [WARN] ConditionMgr:438 - getConditionDescription Invalid condition id : UX DEVICE CLASS RTOS Condition cause : null
2024-08-02 07:45:18,439 [WARN] ConditionMgr:438 - getConditionDescription Invalid condition id : UX DEVICE CLASS RTOS Condition cause : null
2024-08-02 07:45:18,442 [WARN] PackLoader:240 - Cannot read IP mode file for STMicroelectronics.X-CUBE-AZRTOS-WB.2.0.0
2024-08-02 07:45:18,445 [WARN] ConditionMgr:1039 - genDependencies : Invalid condition id : UX DEVICE CLASS RTOS Condition cause : null
2024-08-02 07:45:18,445 [WARN] ConditionMgr:1039 - genDependencies : Invalid condition id : UX DEVICE CLASS RTOS Condition cause : null
2024-08-02 07:45:18,446 [WARN] ConditionMgr:1039 - genDependencies : Invalid condition id : UX DEVICE CLASS RTOS Condition cause : null
2024-08-02 07:45:18,446 [WARN] ConditionMgr:1039 - genDependencies : Invalid condition id : UX DEVICE CLASS RTOS Condition cause : null
2024-08-02 07:45:18,446 [WARN] ConditionMgr:1039 - genDependencies : Invalid condition id : UX DEVICE CLASS RTOS Condition cause : null
2024-08-02 07:45:18,455 [WARN] PackLoader:240 - Cannot read IP mode file for STMicroelectronics.FP-SNS-STBOX1.2.0.0
2024-08-02 07:45:18,487 [WARN] PackLoader:240 - Cannot read IP mode file for STMicroelectronics.X-CUBE-SUBG2.5.0.0
2024-08-02 07:45:18,516 [WARN] PackLoader:240 - Cannot read IP mode file for Cesanta.I-CUBE-Mongoose.7.13.0
2024-08-02 07:45:18,569 [WARN] PackLoader:240 - Cannot read IP mode file for STMicroelectronics.X-CUBE-AZRTOS-G4.2.0.0
2024-08-02 07:45:18,574 [WARN] PackLoader:240 - Cannot read IP mode file for STMicroelectronics.X-CUBE-ISPU.2.0.0
2024-08-02 07:45:18,578 [WARN] PackLoader:240 - Cannot read IP mode file for STMicroelectronics.X-CUBE-ALS.1.0.2
2024-08-02 07:45:18,634 [WARN] PackLoader:240 - Cannot read IP mode file for STMicroelectronics.X-CUBE-MEMS1.10.0.0
2024-08-02 07:45:18,808 [WARN] PackLoader:240 - Cannot read IP mode file for STMicroelectronics.X-CUBE-TOUCHGFX.4.24.0
2024-08-02 07:45:18,813 [WARN] PackLoader:240 - Cannot read IP mode file for portGmbH.I-Cube-SoM-uGOAL.1.1.0
2024-08-02 07:45:18,839 [WARN] PackLoader:240 - Cannot read IP mode file for STMicroelectronics.X-CUBE-AZRTOS-H7RS.1.0.0
2024-08-02 07:45:18,846 [WARN] PackLoader:240 - Cannot read IP mode file for STMicroelectronics.FP-ATR-ASTRA1.2.0.0
2024-08-02 07:45:18,859 [WARN] PackLoader:240 - Cannot read IP mode file for STMicroelectronics.X-CUBE-TOF1.3.4.2
2024-08-02 07:45:18,879 [WARN] PackLoader:240 - Cannot read IP mode file for STMicroelectronics.X-CUBE-TOF1.3.4.1
2024-08-02 07:45:18,915 [WARN] PackLoader:240 - Cannot read IP mode file for STMicroelectronics.X-CUBE-AZRTOS-H7.3.2.0
2024-08-02 07:45:18,943 [WARN] PackLoader:240 - Cannot read IP mode file for Infineon.AIROC-Wi-Fi-Bluetooth-STM32.1.6.0
2024-08-02 07:45:18,953 [WARN] PackLoader:240 - Cannot read IP mode file for wolfSSL.I-CUBE-wolfSSH.1.4.17
2024-08-02 07:45:18,954 [INFO] ThirdParty:978 - Integrity check success = true
2024-08-02 07:45:18,954 [INFO] IntegrityCheckThread:100 - exiting critical section [integrity check]
2024-08-02 07:45:18,954 [INFO] IntegrityCheckThread:103 - End integrity checks thread
2024-08-02 07:45:19,613 [INFO] WebApp:779 - Register for checkConnection events
2024-08-02 07:45:19,613 [INFO] WebApp:414 - Apply proxy settings
2024-08-02 07:45:19,613 [INFO] WebApp:499 - Chromium requires no authentication
2024-08-02 07:45:19,620 [INFO] WebApp:442 - Direct internet connection detected
2024-08-02 07:45:19,843 [INFO] WebApp:192 - Starting web application
2024-08-02 07:45:19,844 [INFO] WebApp:544 - Web application path used /home/vboxuser/st/stm32cubeide_1.15.0/plugins/com.st.stm32cube.common.mx_6.11.0.202403141607/db/plugins/mcufinder/reactClient1/index.html
2024-08-02 08:06:10,023 [INFO] WebApp:354 - JxBrowser engine has been closed 
2024-08-02 08:06:29,682 [ERROR] LogOutputStream:75 - [STDERR_REDIRECT] 
2024-08-02 08:16:01,189 [INFO] Activator:176 - 


2024-08-02 08:16:01,195 [INFO] Activator:177 - !SESSION log4j initialized
2024-08-02 08:16:03,611 [INFO] LogOutputStream:77 - [STDOUT_REDIRECT] 
2024-08-02 08:16:05,538 [INFO] ApplicationProperties:184 - Using Application install path: /home/vboxuser/st/stm32cubeide_1.15.0/plugins/com.st.stm32cube.common.mx_6.11.0.202403141607
2024-08-02 08:16:05,558 [INFO] DbMcusXml:78 - Set database path to: /home/vboxuser/st/stm32cubeide_1.15.0/plugins/com.st.stm32cube.common.mx_6.11.0.202403141607//db//mcu/
2024-08-02 08:16:05,558 [INFO] ApiDb:274 - Set plugin database path to: /home/vboxuser/st/stm32cubeide_1.15.0/plugins/com.st.stm32cube.common.mx_6.11.0.202403141607//db//plugins/boardmanager/
2024-08-02 08:16:05,558 [WARN] ApiDb:259 - Overriding images path with different value:  => /home/vboxuser/st/stm32cubeide_1.15.0/plugins/com.st.stm32cube.common.mx_6.11.0.202403141607//db//plugins/mcufinder/images/
2024-08-02 08:16:05,562 [INFO] ApiDb:250 - Set database path to: /home/vboxuser/.stmcufinder/plugins/mcufinder//mcu/
2024-08-02 08:16:05,563 [INFO] DbMcusAds:125 - Set database path to: /home/vboxuser/.stmcufinder/plugins/mcufinder//mcu/
2024-08-02 08:16:05,565 [INFO] CrossReferenceDbSqlite:203 - Set database path to: /home/vboxuser/.stmcufinder/plugins/mcufinder//mcu/cs/
2024-08-02 08:16:05,693 [INFO] RulesReader:64 - Compatibility file has been processed (297 Rules)
2024-08-02 08:16:05,778 [INFO] DbMcusXml:78 - Set database path to: /home/vboxuser/st/stm32cubeide_1.15.0/plugins/com.st.stm32cube.common.mx_6.11.0.202403141607//db//mcu/
2024-08-02 08:16:05,779 [INFO] ApiDb:274 - Set plugin database path to: /home/vboxuser/st/stm32cubeide_1.15.0/plugins/com.st.stm32cube.common.mx_6.11.0.202403141607//db//plugins/boardmanager/
2024-08-02 08:16:05,779 [INFO] ApiDb:261 - Set plugin images path to: /home/vboxuser/st/stm32cubeide_1.15.0/plugins/com.st.stm32cube.common.mx_6.11.0.202403141607//db//plugins/mcufinder/images/
2024-08-02 08:16:05,779 [WARN] DbFile:41 - Overriding database path with different value: /home/vboxuser/.stmcufinder/plugins/mcufinder/ => /home/vboxuser/.stmcufinder/plugins/mcufinder
2024-08-02 08:16:05,779 [INFO] ApiDb:250 - Set database path to: /home/vboxuser/.stmcufinder/plugins/mcufinder//mcu/
2024-08-02 08:16:05,779 [WARN] DbFile:41 - Overriding database path with different value: /home/vboxuser/.stmcufinder/plugins/mcufinder/ => /home/vboxuser/.stmcufinder/plugins/mcufinder
2024-08-02 08:16:05,779 [INFO] DbMcusAds:125 - Set database path to: /home/vboxuser/.stmcufinder/plugins/mcufinder//mcu/
2024-08-02 08:16:05,779 [WARN] DbFile:41 - Overriding database path with different value: /home/vboxuser/.stmcufinder/plugins/mcufinder/ => /home/vboxuser/.stmcufinder/plugins/mcufinder
2024-08-02 08:16:05,779 [WARN] DbFile:41 - Overriding database path with different value: /home/vboxuser/.stmcufinder/plugins/mcufinder/ => /home/vboxuser/.stmcufinder/plugins/mcufinder
2024-08-02 08:16:05,779 [INFO] CrossReferenceDbSqlite:203 - Set database path to: /home/vboxuser/.stmcufinder/plugins/mcufinder//mcu/cs/
2024-08-02 08:16:05,854 [INFO] MainPanel:264 - HeapMemory: 268435456
2024-08-02 08:16:05,953 [INFO] DbMcusXml:78 - Set database path to: /home/vboxuser/st/stm32cubeide_1.15.0/plugins/com.st.stm32cube.common.mx_6.11.0.202403141607//db//mcu/
2024-08-02 08:16:05,953 [INFO] ApiDb:274 - Set plugin database path to: /home/vboxuser/st/stm32cubeide_1.15.0/plugins/com.st.stm32cube.common.mx_6.11.0.202403141607//db//plugins/boardmanager/
2024-08-02 08:16:05,953 [INFO] ApiDb:261 - Set plugin images path to: /home/vboxuser/st/stm32cubeide_1.15.0/plugins/com.st.stm32cube.common.mx_6.11.0.202403141607//db//plugins/mcufinder/images/
2024-08-02 08:16:05,954 [WARN] DbFile:41 - Overriding database path with different value: /home/vboxuser/.stmcufinder/plugins/mcufinder/ => /home/vboxuser/.stmcufinder/plugins/mcufinder
2024-08-02 08:16:05,954 [INFO] ApiDb:250 - Set database path to: /home/vboxuser/.stmcufinder/plugins/mcufinder//mcu/
2024-08-02 08:16:05,954 [WARN] DbFile:41 - Overriding database path with different value: /home/vboxuser/.stmcufinder/plugins/mcufinder/ => /home/vboxuser/.stmcufinder/plugins/mcufinder
2024-08-02 08:16:05,954 [INFO] DbMcusAds:125 - Set database path to: /home/vboxuser/.stmcufinder/plugins/mcufinder//mcu/
2024-08-02 08:16:05,954 [WARN] DbFile:41 - Overriding database path with different value: /home/vboxuser/.stmcufinder/plugins/mcufinder/ => /home/vboxuser/.stmcufinder/plugins/mcufinder
2024-08-02 08:16:05,954 [WARN] DbFile:41 - Overriding database path with different value: /home/vboxuser/.stmcufinder/plugins/mcufinder/ => /home/vboxuser/.stmcufinder/plugins/mcufinder
2024-08-02 08:16:05,954 [INFO] CrossReferenceDbSqlite:203 - Set database path to: /home/vboxuser/.stmcufinder/plugins/mcufinder//mcu/cs/
2024-08-02 08:16:05,979 [INFO] ApplicationProperties:184 - Using Application install path: /home/vboxuser/st/stm32cubeide_1.15.0/plugins/com.st.stm32cube.common.mx_6.11.0.202403141607
2024-08-02 08:16:05,981 [INFO] PluginManage:196 - Search for loadable plugins [exclusion list=, ]
2024-08-02 08:16:05,982 [INFO] PluginManage:310 - Check plugin analytics
2024-08-02 08:16:06,151 [INFO] AnalyticsPlugin:253 - Accepted Software Licenses: 
2024-08-02 08:16:06,151 [INFO] AnalyticsPlugin:255 - Accepted CMSIS Pack Licenses: 
2024-08-02 08:16:06,151 [INFO] AnalyticsPlugin:257 - Accepted Firmware Licenses: 
2024-08-02 08:16:06,153 [INFO] PluginManage:359 - Loaded plugin analytics (category:tool,tabindex:-1)
2024-08-02 08:16:06,154 [INFO] PluginManage:310 - Check plugin cadmodel
2024-08-02 08:16:06,172 [INFO] CADModel:105 - Init CAD model plugin
2024-08-02 08:16:06,172 [INFO] PluginManage:359 - Loaded plugin cadmodel (category:power,tabindex:5)
2024-08-02 08:16:06,172 [INFO] PluginManage:310 - Check plugin clock
2024-08-02 08:16:06,183 [INFO] PluginManage:359 - Loaded plugin clock (category:base,tabindex:2)
2024-08-02 08:16:06,183 [INFO] PluginManage:310 - Check plugin ddr
2024-08-02 08:16:06,186 [INFO] PluginManage:359 - Loaded plugin ddr (category:tool,tabindex:6)
2024-08-02 08:16:06,186 [INFO] PluginManage:310 - Check plugin filemanager
2024-08-02 08:16:06,356 [INFO] PluginManage:359 - Loaded plugin filemanager (category:base,tabindex:10)
2024-08-02 08:16:06,357 [INFO] PluginManage:310 - Check plugin ipmanager
2024-08-02 08:16:06,361 [INFO] PluginManage:359 - Loaded plugin ipmanager (category:base,tabindex:5)
2024-08-02 08:16:06,362 [INFO] PluginManage:310 - Check plugin lpbam
2024-08-02 08:16:06,372 [INFO] PluginManage:359 - Loaded plugin lpbam (category:base,tabindex:0)
2024-08-02 08:16:06,372 [INFO] PluginManage:310 - Check plugin memorymap
2024-08-02 08:16:06,384 [INFO] PluginManage:359 - Loaded plugin memorymap (category:base,tabindex:4)
2024-08-02 08:16:06,385 [INFO] PluginManage:310 - Check plugin pinoutandconfiguration
2024-08-02 08:16:06,392 [INFO] PluginManage:359 - Loaded plugin pinoutandconfiguration (category:base,tabindex:1)
2024-08-02 08:16:06,393 [INFO] PluginManage:310 - Check plugin pinoutconfig
2024-08-02 08:16:06,501 [WARN] SupportedApi:132 - Cannot load RTOS API schema: s4s-elt-must-match.1: The content of 'definitions' must match (annotation?, (simpleType | complexType)?, (unique | key | keyref)*)). A problem was found starting at: attribute.
2024-08-02 08:16:06,636 [INFO] PluginManage:359 - Loaded plugin pinoutconfig (category:base,tabindex:0)
2024-08-02 08:16:06,636 [INFO] PluginManage:310 - Check plugin power
2024-08-02 08:16:06,642 [INFO] PluginManage:359 - Loaded plugin power (category:power,tabindex:4)
2024-08-02 08:16:06,642 [INFO] PluginManage:310 - Check plugin projectmanager
2024-08-02 08:16:06,660 [INFO] PluginManage:359 - Loaded plugin projectmanager (category:projectmanager,tabindex:3)
2024-08-02 08:16:06,660 [INFO] PluginManage:310 - Check plugin thirdparty
2024-08-02 08:16:06,768 [INFO] PluginManage:359 - Loaded plugin thirdparty (category:base,tabindex:-1)
2024-08-02 08:16:06,768 [INFO] PluginManage:310 - Check plugin tools
2024-08-02 08:16:06,770 [INFO] PluginManage:359 - Loaded plugin tools (category:base,tabindex:7)
2024-08-02 08:16:06,770 [INFO] PluginManage:310 - Check plugin tutovideos
2024-08-02 08:16:06,771 [WARN] IntegrityCheckThread:84 - waiting for thirdparty lock release [integrity check]
2024-08-02 08:16:06,772 [INFO] IntegrityCheckThread:86 - entering critical section [integrity check]
2024-08-02 08:16:06,772 [INFO] ThirdPartyUpdaterWithRetryManager:70 - Updater plugin not ready yet. [1/15]
2024-08-02 08:16:06,964 [INFO] PluginManage:359 - Loaded plugin tutovideos (category:base,tabindex:-1)
2024-08-02 08:16:06,964 [INFO] PluginManage:310 - Check plugin updater
2024-08-02 08:16:06,977 [INFO] PluginManage:359 - Loaded plugin updater (category:base,tabindex:12)
2024-08-02 08:16:06,978 [INFO] PluginManage:310 - Check plugin userauth
2024-08-02 08:16:06,984 [INFO] UserAuth:114 - Init User Auth plugin
2024-08-02 08:16:06,984 [INFO] PluginManage:359 - Loaded plugin userauth (category:base,tabindex:14)
2024-08-02 08:16:06,985 [INFO] PluginManage:283 - PluginManage : Loaded plugins [17]
2024-08-02 08:16:07,282 [INFO] PinOutPanel:1561 - setPackage(No Configuration,No Configuration)
2024-08-02 08:16:07,328 [INFO] CADModel:165 - CPN selected for project level
2024-08-02 08:16:07,328 [INFO] CADModel:114 - Register for checkConnection events
2024-08-02 08:16:07,339 [INFO] IPUIPlugin:80 - create IPUIPlugin
2024-08-02 08:16:07,339 [INFO] PluginManager:220 - loadIPPluginJar : add opamp
2024-08-02 08:16:07,343 [INFO] IPUIPlugin:80 - create IPUIPlugin
2024-08-02 08:16:07,343 [INFO] PluginManager:220 - loadIPPluginJar : add adc
2024-08-02 08:16:07,345 [INFO] IPUIPlugin:80 - create IPUIPlugin
2024-08-02 08:16:07,345 [INFO] PluginManager:220 - loadIPPluginJar : add dma3
2024-08-02 08:16:07,347 [INFO] IPUIPlugin:80 - create IPUIPlugin
2024-08-02 08:16:07,347 [INFO] PluginManager:220 - loadIPPluginJar : add usart
2024-08-02 08:16:07,348 [INFO] IPUIPlugin:80 - create IPUIPlugin
2024-08-02 08:16:07,348 [INFO] PluginManager:220 - loadIPPluginJar : add spi
2024-08-02 08:16:07,349 [INFO] IPUIPlugin:80 - create IPUIPlugin
2024-08-02 08:16:07,349 [INFO] PluginManager:220 - loadIPPluginJar : add tracer_emb
2024-08-02 08:16:07,351 [INFO] IPUIPlugin:80 - create IPUIPlugin
2024-08-02 08:16:07,351 [INFO] PluginManager:220 - loadIPPluginJar : add touchsensing
2024-08-02 08:16:07,353 [INFO] IPUIPlugin:80 - create IPUIPlugin
2024-08-02 08:16:07,353 [INFO] PluginManager:220 - loadIPPluginJar : add resmgrutility
2024-08-02 08:16:07,355 [INFO] IPUIPlugin:80 - create IPUIPlugin
2024-08-02 08:16:07,355 [INFO] PluginManager:220 - loadIPPluginJar : add sai
2024-08-02 08:16:07,356 [INFO] IPUIPlugin:80 - create IPUIPlugin
2024-08-02 08:16:07,357 [INFO] PluginManager:220 - loadIPPluginJar : add aes
2024-08-02 08:16:07,358 [INFO] IPUIPlugin:80 - create IPUIPlugin
2024-08-02 08:16:07,358 [INFO] PluginManager:220 - loadIPPluginJar : add cryp
2024-08-02 08:16:07,359 [INFO] IPUIPlugin:80 - create IPUIPlugin
2024-08-02 08:16:07,359 [INFO] PluginManager:220 - loadIPPluginJar : add usbx
2024-08-02 08:16:07,360 [INFO] IPUIPlugin:80 - create IPUIPlugin
2024-08-02 08:16:07,360 [INFO] PluginManager:220 - loadIPPluginJar : add comp
2024-08-02 08:16:07,366 [INFO] IPUIPlugin:80 - create IPUIPlugin
2024-08-02 08:16:07,366 [INFO] PluginManager:220 - loadIPPluginJar : add dma
2024-08-02 08:16:07,367 [INFO] IPUIPlugin:80 - create IPUIPlugin
2024-08-02 08:16:07,368 [INFO] PluginManager:220 - loadIPPluginJar : add ts
2024-08-02 08:16:07,369 [INFO] IPUIPlugin:80 - create IPUIPlugin
2024-08-02 08:16:07,369 [INFO] PluginManager:220 - loadIPPluginJar : add quadspi
2024-08-02 08:16:07,370 [INFO] IPUIPlugin:80 - create IPUIPlugin
2024-08-02 08:16:07,370 [INFO] PluginManager:220 - loadIPPluginJar : add lorawan
2024-08-02 08:16:07,372 [INFO] IPUIPlugin:80 - create IPUIPlugin
2024-08-02 08:16:07,372 [INFO] PluginManager:220 - loadIPPluginJar : add extmemmanager
2024-08-02 08:16:07,374 [INFO] IPUIPlugin:80 - create IPUIPlugin
2024-08-02 08:16:07,374 [INFO] PluginManager:220 - loadIPPluginJar : add openamp
2024-08-02 08:16:07,376 [INFO] IPUIPlugin:80 - create IPUIPlugin
2024-08-02 08:16:07,376 [INFO] PluginManager:220 - loadIPPluginJar : add fmc
2024-08-02 08:16:07,378 [INFO] IPUIPlugin:80 - create IPUIPlugin
2024-08-02 08:16:07,379 [INFO] PluginManager:220 - loadIPPluginJar : add gpio
2024-08-02 08:16:07,380 [INFO] IPUIPlugin:80 - create IPUIPlugin
2024-08-02 08:16:07,381 [INFO] PluginManager:220 - loadIPPluginJar : add i2s
2024-08-02 08:16:07,381 [INFO] IPUIPlugin:80 - create IPUIPlugin
2024-08-02 08:16:07,381 [INFO] PluginManager:220 - loadIPPluginJar : add tim
2024-08-02 08:16:07,385 [INFO] IPUIPlugin:80 - create IPUIPlugin
2024-08-02 08:16:07,385 [INFO] PluginManager:220 - loadIPPluginJar : add freertos
2024-08-02 08:16:07,386 [INFO] IPUIPlugin:80 - create IPUIPlugin
2024-08-02 08:16:07,386 [INFO] PluginManager:220 - loadIPPluginJar : add gfxmmu
2024-08-02 08:16:07,388 [INFO] IPUIPlugin:80 - create IPUIPlugin
2024-08-02 08:16:07,388 [INFO] PluginManager:220 - loadIPPluginJar : add can
2024-08-02 08:16:07,388 [INFO] IPUIPlugin:80 - create IPUIPlugin
2024-08-02 08:16:07,389 [INFO] PluginManager:220 - loadIPPluginJar : add genericplugin
2024-08-02 08:16:07,392 [INFO] IPUIPlugin:80 - create IPUIPlugin
2024-08-02 08:16:07,392 [INFO] PluginManager:220 - loadIPPluginJar : add mdma
2024-08-02 08:16:07,394 [INFO] IPUIPlugin:80 - create IPUIPlugin
2024-08-02 08:16:07,394 [INFO] PluginManager:220 - loadIPPluginJar : add i3c
2024-08-02 08:16:07,398 [INFO] IPUIPlugin:80 - create IPUIPlugin
2024-08-02 08:16:07,400 [INFO] PluginManager:220 - loadIPPluginJar : add plateformsettings
2024-08-02 08:16:07,401 [INFO] IPUIPlugin:80 - create IPUIPlugin
2024-08-02 08:16:07,401 [INFO] PluginManager:220 - loadIPPluginJar : add gtzc
2024-08-02 08:16:07,402 [INFO] IPUIPlugin:80 - create IPUIPlugin
2024-08-02 08:16:07,403 [INFO] PluginManager:220 - loadIPPluginJar : add dfsdm
2024-08-02 08:16:07,405 [INFO] IPUIPlugin:80 - create IPUIPlugin
2024-08-02 08:16:07,405 [INFO] PluginManager:220 - loadIPPluginJar : add stm32_wpan
2024-08-02 08:16:07,409 [INFO] IPUIPlugin:80 - create IPUIPlugin
2024-08-02 08:16:07,409 [INFO] PluginManager:220 - loadIPPluginJar : add gic
2024-08-02 08:16:07,413 [INFO] IPUIPlugin:80 - create IPUIPlugin
2024-08-02 08:16:07,413 [INFO] PluginManager:220 - loadIPPluginJar : add linkedlist
2024-08-02 08:16:07,414 [INFO] IPUIPlugin:80 - create IPUIPlugin
2024-08-02 08:16:07,414 [INFO] PluginManager:220 - loadIPPluginJar : add ltdc
2024-08-02 08:16:07,415 [INFO] IPUIPlugin:80 - create IPUIPlugin
2024-08-02 08:16:07,415 [INFO] PluginManager:220 - loadIPPluginJar : add fatfs
2024-08-02 08:16:07,416 [INFO] IPUIPlugin:80 - create IPUIPlugin
2024-08-02 08:16:07,416 [INFO] PluginManager:220 - loadIPPluginJar : add nvic
2024-08-02 08:16:07,418 [INFO] IPUIPlugin:80 - create IPUIPlugin
2024-08-02 08:16:07,418 [INFO] PluginManager:220 - loadIPPluginJar : add pdm2pcm
2024-08-02 08:16:07,419 [INFO] IPUIPlugin:80 - create IPUIPlugin
2024-08-02 08:16:07,419 [INFO] PluginManager:220 - loadIPPluginJar : add ucpd
2024-08-02 08:16:07,420 [INFO] IPUIPlugin:80 - create IPUIPlugin
2024-08-02 08:16:07,420 [INFO] PluginManager:220 - loadIPPluginJar : add i2c
2024-08-02 08:16:07,422 [INFO] IPUIPlugin:80 - create IPUIPlugin
2024-08-02 08:16:07,422 [INFO] PluginManager:220 - loadIPPluginJar : add ipddr
2024-08-02 08:16:07,423 [INFO] IPUIPlugin:80 - create IPUIPlugin
2024-08-02 08:16:07,423 [INFO] PluginManager:220 - loadIPPluginJar : add hash
2024-08-02 08:16:07,424 [INFO] IPUIPlugin:80 - create IPUIPlugin
2024-08-02 08:16:07,424 [INFO] PluginManager:220 - loadIPPluginJar : add tsc
2024-08-02 08:16:07,518 [INFO] CADModel:165 - CPN selected for project level
2024-08-02 08:16:07,518 [INFO] CADModel:114 - Register for checkConnection events
2024-08-02 08:16:07,518 [FATAL] Updater:308 - Updater called before beeing initialized
2024-08-02 08:16:07,518 [ERROR] CADModel:125 - Updater not yet initialized, retry later 
2024-08-02 08:16:07,640 [INFO] CADModel:165 - CPN selected for project level
2024-08-02 08:16:07,640 [INFO] CADModel:114 - Register for checkConnection events
2024-08-02 08:16:07,640 [FATAL] Updater:308 - Updater called before beeing initialized
2024-08-02 08:16:07,640 [ERROR] CADModel:125 - Updater not yet initialized, retry later 
2024-08-02 08:16:07,652 [FATAL] Updater:308 - Updater called before beeing initialized
2024-08-02 08:16:07,723 [FATAL] Updater:308 - Updater called before beeing initialized
2024-08-02 08:16:07,726 [INFO] DbMcusAds:53 - JSON generation date=Thu Sep 30 06:55:09 UTC 2021 (1632984909247)
2024-08-02 08:16:07,727 [FATAL] Updater:308 - Updater called before beeing initialized
2024-08-02 08:16:07,752 [WARN] DetailPanel:346 - Failed to get advertising image, set to default
2024-08-02 08:16:07,820 [FATAL] Updater:308 - Updater called before beeing initialized
2024-08-02 08:16:07,821 [FATAL] Updater:308 - Updater called before beeing initialized
2024-08-02 08:16:07,821 [FATAL] Updater:308 - Updater called before beeing initialized
2024-08-02 08:16:07,821 [WARN] DetailPanel:346 - Failed to get advertising image, set to default
2024-08-02 08:16:07,822 [FATAL] Updater:308 - Updater called before beeing initialized
2024-08-02 08:16:07,848 [ERROR] Updater:1120 - MainUpdater not yet initialized. External WinMGr cannot be set.
2024-08-02 08:16:07,850 [INFO] Updater:1056 - Updater Version found : 6.11.0
2024-08-02 08:16:07,874 [INFO] ApplicationProperties:184 - Using Application install path: /home/vboxuser/st/stm32cubeide_1.15.0/plugins/com.st.stm32cube.common.mx_6.11.0.202403141607
2024-08-02 08:16:08,169 [INFO] MainUpdater:2873 - connection check result : 10
2024-08-02 08:16:08,170 [INFO] MainUpdater:290 - Updater Check For Update Now.
2024-08-02 08:16:08,170 [INFO] MicroXplorer:498 - Change Database Version : DB.6.0.110
2024-08-02 08:16:08,175 [INFO] McuFinderGlobals:63 - Set McuFinder mode to 2 (CubeIDE integrated)
2024-08-02 08:16:08,175 [INFO] UserAuth:179 - activating auth plugin
2024-08-02 08:16:08,179 [INFO] UserAuth:415 - Internet connection configuration mode: 1
2024-08-02 08:16:08,221 [INFO] JxBrowserEngine:152 - Initiate JxBrowser Engine with user profile folder
2024-08-02 08:16:08,493 [INFO] CheckServerUpdateThread:120 - End of CheckServer Thread
2024-08-02 08:16:09,018 [INFO] WebApp:161 - Instantiating new browser for Auth
2024-08-02 08:16:09,529 [INFO] WebApp:779 - Register for checkConnection events
2024-08-02 08:16:09,529 [INFO] WebApp:414 - Apply proxy settings
2024-08-02 08:16:09,529 [INFO] WebApp:499 - Chromium requires no authentication
2024-08-02 08:16:09,536 [INFO] WebApp:442 - Direct internet connection detected
2024-08-02 08:16:09,743 [INFO] WebApp:192 - Starting web application
2024-08-02 08:16:09,743 [INFO] WebApp:544 - Web application path used /home/vboxuser/st/stm32cubeide_1.15.0/plugins/com.st.stm32cube.common.mx_6.11.0.202403141607/db/plugins/mcufinder/reactClient1/index.html
2024-08-02 08:16:09,978 [WARN] PackLoader:240 - Cannot read IP mode file for STMicroelectronics.FP-SNS-MOTENVWB1.1.4.0
2024-08-02 08:16:10,004 [WARN] PackLoader:240 - Cannot read IP mode file for STMicroelectronics.X-CUBE-SMBUS.2.1.0
2024-08-02 08:16:10,070 [WARN] PackLoader:240 - Cannot read IP mode file for STMicroelectronics.X-CUBE-AZRTOS-F7.1.1.0
2024-08-02 08:16:10,079 [WARN] PackLoader:240 - Cannot read IP mode file for STMicroelectronics.FP-SNS-FLIGHT1.5.0.2
2024-08-02 08:16:10,087 [WARN] PackLoader:240 - Cannot read IP mode file for STMicroelectronics.X-CUBE-DISPLAY.3.0.0
2024-08-02 08:16:10,105 [WARN] PackLoader:240 - Cannot read IP mode file for STMicroelectronics.X-CUBE-BLE1.7.0.0
2024-08-02 08:16:10,111 [WARN] PackLoader:240 - Cannot read IP mode file for emotas.I-CUBE-CANOPEN.1.3.0
2024-08-02 08:16:10,123 [WARN] PackLoader:240 - Cannot read IP mode file for STMicroelectronics.X-CUBE-BLEMGR.3.1.0
2024-08-02 08:16:10,135 [WARN] PackLoader:240 - Cannot read IP mode file for STMicroelectronics.FP-SNS-SMARTAG2.1.2.0
2024-08-02 08:16:10,146 [INFO] LogOutputStream:77 - [STDOUT_REDIRECT] 1 : Invalid condition id : UX_CORESTACK_Condition cause : null
2024-08-02 08:16:10,147 [INFO] LogOutputStream:77 - [STDOUT_REDIRECT] 1 : Invalid condition id : UX_CORESTACK_Condition cause : null
2024-08-02 08:16:10,147 [INFO] LogOutputStream:77 - [STDOUT_REDIRECT] 1 : Invalid condition id : UX_CORESTACK_Condition cause : null
2024-08-02 08:16:10,147 [INFO] LogOutputStream:77 - [STDOUT_REDIRECT] 1 : Invalid condition id : UX_CORESTACK_Condition cause : null
2024-08-02 08:16:10,147 [INFO] LogOutputStream:77 - [STDOUT_REDIRECT] 1 : Invalid condition id : UX_CORESTACK_Condition cause : null
2024-08-02 08:16:10,159 [WARN] PackLoader:240 - Cannot read IP mode file for STMicroelectronics.X-CUBE-AZRTOS-WL.2.0.0
2024-08-02 08:16:10,164 [WARN] PackLoader:240 - Cannot read IP mode file for STMicroelectronics.FP-SNS-MOTENV1.5.0.0
2024-08-02 08:16:10,169 [WARN] PackLoader:240 - Cannot read IP mode file for wolfSSL.I-CUBE-wolfMQTT.1.19.0
2024-08-02 08:16:10,176 [WARN] PackLoader:240 - Cannot read IP mode file for WES.I-CUBE-Cesium.1.3.0
2024-08-02 08:16:10,180 [WARN] PackLoader:240 - Cannot read IP mode file for STMicroelectronics.X-CUBE-BLE2.3.3.0
2024-08-02 08:16:10,201 [WARN] PackLoader:240 - Cannot read IP mode file for STMicroelectronics.X-CUBE-TCPP.4.1.0
2024-08-02 08:16:10,221 [WARN] PackLoader:240 - Cannot read IP mode file for STMicroelectronics.X-CUBE-AZRTOS-G0.1.1.0
2024-08-02 08:16:10,230 [WARN] PackLoader:240 - Cannot read IP mode file for STMicroelectronics.X-CUBE-SAFEA1.1.2.2
2024-08-02 08:16:10,242 [WARN] PackLoader:240 - Cannot read IP mode file for STMicroelectronics.X-CUBE-NFC4.3.0.0
2024-08-02 08:16:10,264 [WARN] PackLoader:240 - Cannot read IP mode file for EmbeddedOffice.I-CUBE-FS-RTOS.1.0.1
2024-08-02 08:16:10,264 [ERROR] ConditionMgr:805 - Attr not supported : Dmpu
2024-08-02 08:16:10,265 [ERROR] ConditionMgr:805 - Attr not supported : Dmpu
2024-08-02 08:16:10,265 [ERROR] ConditionMgr:805 - Attr not supported : Dmpu
2024-08-02 08:16:10,265 [ERROR] ConditionMgr:805 - Attr not supported : Dmpu
2024-08-02 08:16:10,265 [ERROR] ConditionMgr:805 - Attr not supported : Dmpu
2024-08-02 08:16:10,265 [ERROR] ConditionMgr:805 - Attr not supported : Dmpu
2024-08-02 08:16:10,265 [ERROR] ConditionMgr:805 - Attr not supported : Dmpu
2024-08-02 08:16:10,265 [ERROR] ConditionMgr:805 - Attr not supported : Dmpu
2024-08-02 08:16:10,265 [ERROR] ConditionMgr:805 - Attr not supported : Dmpu
2024-08-02 08:16:10,266 [ERROR] ConditionMgr:805 - Attr not supported : Dmpu
2024-08-02 08:16:10,266 [ERROR] ConditionMgr:805 - Attr not supported : Dmpu
2024-08-02 08:16:10,266 [ERROR] ConditionMgr:805 - Attr not supported : Dmpu
2024-08-02 08:16:10,266 [ERROR] ConditionMgr:805 - Attr not supported : Dmpu
2024-08-02 08:16:10,266 [ERROR] ConditionMgr:805 - Attr not supported : Dmpu
2024-08-02 08:16:10,266 [ERROR] ConditionMgr:805 - Attr not supported : Dmpu
2024-08-02 08:16:10,266 [ERROR] ConditionMgr:805 - Attr not supported : Dmpu
2024-08-02 08:16:10,266 [ERROR] ConditionMgr:805 - Attr not supported : Dmpu
2024-08-02 08:16:10,266 [ERROR] ConditionMgr:805 - Attr not supported : Dmpu
2024-08-02 08:16:10,266 [ERROR] ConditionMgr:805 - Attr not supported : Dmpu
2024-08-02 08:16:10,266 [ERROR] ConditionMgr:805 - Attr not supported : Dmpu
2024-08-02 08:16:10,266 [ERROR] ConditionMgr:805 - Attr not supported : Dmpu
2024-08-02 08:16:10,267 [ERROR] ConditionMgr:805 - Attr not supported : Dmpu
2024-08-02 08:16:10,267 [ERROR] ConditionMgr:805 - Attr not supported : Dmpu
2024-08-02 08:16:10,267 [ERROR] ConditionMgr:805 - Attr not supported : Dmpu
2024-08-02 08:16:10,267 [ERROR] ConditionMgr:805 - Attr not supported : Dmpu
2024-08-02 08:16:10,267 [ERROR] ConditionMgr:805 - Attr not supported : Dmpu
2024-08-02 08:16:10,267 [ERROR] ConditionMgr:805 - Attr not supported : Dmpu
2024-08-02 08:16:10,267 [ERROR] ConditionMgr:805 - Attr not supported : Dmpu
2024-08-02 08:16:10,267 [ERROR] ConditionMgr:805 - Attr not supported : Dmpu
2024-08-02 08:16:10,267 [ERROR] ConditionMgr:805 - Attr not supported : Dmpu
2024-08-02 08:16:10,267 [ERROR] ConditionMgr:805 - Attr not supported : Dmpu
2024-08-02 08:16:10,267 [ERROR] ConditionMgr:805 - Attr not supported : Dmpu
2024-08-02 08:16:10,268 [ERROR] ConditionMgr:805 - Attr not supported : Dmpu
2024-08-02 08:16:10,268 [ERROR] ConditionMgr:805 - Attr not supported : Dmpu
2024-08-02 08:16:10,268 [ERROR] ConditionMgr:805 - Attr not supported : Dmpu
2024-08-02 08:16:10,269 [ERROR] ConditionMgr:805 - Attr not supported : Dmpu
2024-08-02 08:16:10,269 [ERROR] ConditionMgr:805 - Attr not supported : Dmpu
2024-08-02 08:16:10,270 [ERROR] ConditionMgr:805 - Attr not supported : Dmpu
2024-08-02 08:16:10,271 [ERROR] ConditionMgr:805 - Attr not supported : Dmpu
2024-08-02 08:16:10,271 [ERROR] ConditionMgr:805 - Attr not supported : Dmpu
2024-08-02 08:16:10,271 [ERROR] ConditionMgr:805 - Attr not supported : Dmpu
2024-08-02 08:16:10,271 [ERROR] ConditionMgr:805 - Attr not supported : Dmpu
2024-08-02 08:16:10,271 [ERROR] ConditionMgr:805 - Attr not supported : Dmpu
2024-08-02 08:16:10,271 [ERROR] ConditionMgr:805 - Attr not supported : Dmpu
2024-08-02 08:16:10,271 [ERROR] ConditionMgr:805 - Attr not supported : Dmpu
2024-08-02 08:16:10,272 [ERROR] ConditionMgr:805 - Attr not supported : Dmpu
2024-08-02 08:16:10,272 [ERROR] ConditionMgr:805 - Attr not supported : Dmpu
2024-08-02 08:16:10,272 [ERROR] ConditionMgr:805 - Attr not supported : Dmpu
2024-08-02 08:16:10,272 [ERROR] ConditionMgr:805 - Attr not supported : Dmpu
2024-08-02 08:16:10,272 [ERROR] ConditionMgr:805 - Attr not supported : Dmpu
2024-08-02 08:16:10,272 [ERROR] ConditionMgr:805 - Attr not supported : Dmpu
2024-08-02 08:16:10,272 [ERROR] ConditionMgr:805 - Attr not supported : Dmpu
2024-08-02 08:16:10,272 [ERROR] ConditionMgr:805 - Attr not supported : Dmpu
2024-08-02 08:16:10,272 [ERROR] ConditionMgr:805 - Attr not supported : Dmpu
2024-08-02 08:16:10,272 [ERROR] ConditionMgr:805 - Attr not supported : Dmpu
2024-08-02 08:16:10,273 [ERROR] ConditionMgr:805 - Attr not supported : Dmpu
2024-08-02 08:16:10,273 [ERROR] ConditionMgr:805 - Attr not supported : Dmpu
2024-08-02 08:16:10,273 [ERROR] ConditionMgr:805 - Attr not supported : Dmpu
2024-08-02 08:16:10,273 [ERROR] ConditionMgr:805 - Attr not supported : Dmpu
2024-08-02 08:16:10,273 [ERROR] ConditionMgr:805 - Attr not supported : Dmpu
2024-08-02 08:16:10,273 [ERROR] ConditionMgr:805 - Attr not supported : Dmpu
2024-08-02 08:16:10,273 [ERROR] ConditionMgr:805 - Attr not supported : Dmpu
2024-08-02 08:16:10,273 [ERROR] ConditionMgr:805 - Attr not supported : Dmpu
2024-08-02 08:16:10,273 [ERROR] ConditionMgr:805 - Attr not supported : Dmpu
2024-08-02 08:16:10,281 [WARN] PackLoader:240 - Cannot read IP mode file for RealThread.X-CUBE-RT-Thread_Nano.4.1.1
2024-08-02 08:16:10,286 [WARN] PackLoader:240 - Cannot read IP mode file for STMicroelectronics.FP-ATR-SIGFOX1.3.2.0
2024-08-02 08:16:10,290 [WARN] PackLoader:240 - Cannot read IP mode file for wolfSSL.I-CUBE-wolfSSL.5.7.2
2024-08-02 08:16:10,298 [WARN] PackLoader:240 - Cannot read IP mode file for STMicroelectronics.X-CUBE-EEPRMA1.5.1.0
2024-08-02 08:16:10,308 [WARN] PackLoader:240 - Cannot read IP mode file for ITTIA_DB.I-CUBE-ITTIADB.8.9.0
2024-08-02 08:16:10,373 [WARN] PackLoader:240 - Cannot read IP mode file for SEGGER.I-CUBE-embOS.1.3.1
2024-08-02 08:16:10,437 [WARN] PackLoader:240 - Cannot read IP mode file for STMicroelectronics.X-CUBE-ALGOBUILD.1.4.0
2024-08-02 08:16:10,443 [WARN] PackLoader:240 - Cannot read IP mode file for STMicroelectronics.X-CUBE-GNSS1.6.0.0
2024-08-02 08:16:10,464 [WARN] PackLoader:240 - Cannot read IP mode file for STMicroelectronics.X-CUBE-AZRTOS-F4.1.1.0
2024-08-02 08:16:10,472 [WARN] PackLoader:240 - Cannot read IP mode file for STMicroelectronics.X-CUBE-FREERTOS.1.2.0
2024-08-02 08:16:10,492 [WARN] PackLoader:240 - Cannot read IP mode file for STMicroelectronics.X-CUBE-AZRTOS-L5.2.0.0
2024-08-02 08:16:10,503 [WARN] PackLoader:240 - Cannot read IP mode file for STMicroelectronics.X-CUBE-NFC6.3.1.0
2024-08-02 08:16:10,511 [WARN] PackLoader:240 - Cannot read IP mode file for STMicroelectronics.X-CUBE-DPower.1.2.0
2024-08-02 08:16:10,515 [WARN] PackLoader:240 - Cannot read IP mode file for STMicroelectronics.X-CUBE-AI.9.0.0
2024-08-02 08:16:10,521 [WARN] PackLoader:240 - Cannot read IP mode file for STMicroelectronics.X-CUBE-NFC7.1.0.1
2024-08-02 08:16:10,526 [WARN] PackLoader:240 - Cannot read IP mode file for wolfSSL.I-CUBE-wolfTPM.3.2.0
2024-08-02 08:16:10,554 [WARN] ConditionMgr:438 - getConditionDescription Invalid condition id : LAN8742 Phy interface Condition cause : null
2024-08-02 08:16:10,555 [WARN] PackLoader:240 - Cannot read IP mode file for STMicroelectronics.X-CUBE-AZRTOS-L4.2.0.0
2024-08-02 08:16:10,557 [WARN] ConditionMgr:1039 - genDependencies : Invalid condition id : LAN8742 Phy interface Condition cause : null
2024-08-02 08:16:10,558 [WARN] ConditionMgr:1039 - genDependencies : Invalid condition id : LAN8742 Phy interface Condition cause : null
2024-08-02 08:16:10,559 [WARN] ConditionMgr:1039 - genDependencies : Invalid condition id : LAN8742 Phy interface Condition cause : null
2024-08-02 08:16:10,572 [WARN] PackLoader:240 - Cannot read IP mode file for STMicroelectronics.X-CUBE-SFXS2LP1.4.0.0
2024-08-02 08:16:10,592 [WARN] ConditionMgr:438 - getConditionDescription Invalid condition id : UX DEVICE CLASS RTOS Condition cause : null
2024-08-02 08:16:10,592 [WARN] ConditionMgr:438 - getConditionDescription Invalid condition id : UX DEVICE CLASS RTOS Condition cause : null
2024-08-02 08:16:10,595 [WARN] PackLoader:240 - Cannot read IP mode file for STMicroelectronics.X-CUBE-AZRTOS-WB.2.0.0
2024-08-02 08:16:10,602 [WARN] ConditionMgr:1039 - genDependencies : Invalid condition id : UX DEVICE CLASS RTOS Condition cause : null
2024-08-02 08:16:10,602 [WARN] ConditionMgr:1039 - genDependencies : Invalid condition id : UX DEVICE CLASS RTOS Condition cause : null
2024-08-02 08:16:10,602 [WARN] ConditionMgr:1039 - genDependencies : Invalid condition id : UX DEVICE CLASS RTOS Condition cause : null
2024-08-02 08:16:10,603 [WARN] ConditionMgr:1039 - genDependencies : Invalid condition id : UX DEVICE CLASS RTOS Condition cause : null
2024-08-02 08:16:10,603 [WARN] ConditionMgr:1039 - genDependencies : Invalid condition id : UX DEVICE CLASS RTOS Condition cause : null
2024-08-02 08:16:10,635 [WARN] PackLoader:240 - Cannot read IP mode file for STMicroelectronics.FP-SNS-STBOX1.2.0.0
2024-08-02 08:16:10,663 [WARN] PackLoader:240 - Cannot read IP mode file for STMicroelectronics.X-CUBE-SUBG2.5.0.0
2024-08-02 08:16:10,676 [WARN] PackLoader:240 - Cannot read IP mode file for Cesanta.I-CUBE-Mongoose.7.13.0
2024-08-02 08:16:10,694 [WARN] PackLoader:240 - Cannot read IP mode file for STMicroelectronics.X-CUBE-AZRTOS-G4.2.0.0
2024-08-02 08:16:10,700 [WARN] PackLoader:240 - Cannot read IP mode file for STMicroelectronics.X-CUBE-ISPU.2.0.0
2024-08-02 08:16:10,707 [WARN] PackLoader:240 - Cannot read IP mode file for STMicroelectronics.X-CUBE-ALS.1.0.2
2024-08-02 08:16:10,806 [WARN] PackLoader:240 - Cannot read IP mode file for STMicroelectronics.X-CUBE-MEMS1.10.0.0
2024-08-02 08:16:10,976 [WARN] PackLoader:240 - Cannot read IP mode file for STMicroelectronics.X-CUBE-TOUCHGFX.4.24.0
2024-08-02 08:16:10,979 [WARN] PackLoader:240 - Cannot read IP mode file for portGmbH.I-Cube-SoM-uGOAL.1.1.0
2024-08-02 08:16:10,992 [WARN] PackLoader:240 - Cannot read IP mode file for STMicroelectronics.X-CUBE-AZRTOS-H7RS.1.0.0
2024-08-02 08:16:10,996 [WARN] PackLoader:240 - Cannot read IP mode file for STMicroelectronics.FP-ATR-ASTRA1.2.0.0
2024-08-02 08:16:11,003 [WARN] PackLoader:240 - Cannot read IP mode file for STMicroelectronics.X-CUBE-TOF1.3.4.2
2024-08-02 08:16:11,052 [WARN] PackLoader:240 - Cannot read IP mode file for STMicroelectronics.X-CUBE-TOF1.3.4.1
2024-08-02 08:16:11,094 [WARN] PackLoader:240 - Cannot read IP mode file for STMicroelectronics.X-CUBE-AZRTOS-H7.3.2.0
2024-08-02 08:16:11,108 [WARN] PackLoader:240 - Cannot read IP mode file for Infineon.AIROC-Wi-Fi-Bluetooth-STM32.1.6.0
2024-08-02 08:16:11,113 [WARN] PackLoader:240 - Cannot read IP mode file for wolfSSL.I-CUBE-wolfSSH.1.4.17
2024-08-02 08:16:11,114 [INFO] ThirdParty:978 - Integrity check success = true
2024-08-02 08:16:11,114 [INFO] IntegrityCheckThread:100 - exiting critical section [integrity check]
2024-08-02 08:16:11,114 [INFO] IntegrityCheckThread:103 - End integrity checks thread
